#
# There is insufficient memory for the Java Runtime Environment to continue.
# Native memory allocation (malloc) failed to allocate 724960 bytes for Chunk::new
# Possible reasons:
#   The system is out of physical RAM or swap space
#   The process is running with CompressedOops enabled, and the Java Heap may be blocking the growth of the native heap
# Possible solutions:
#   Reduce memory load on the system
#   Increase physical memory or swap space
#   Check if swap backing store is full
#   Decrease Java heap size (-Xmx/-Xms)
#   Decrease number of Java threads
#   Decrease Java thread stack sizes (-Xss)
#   Set larger code cache with -XX:ReservedCodeCacheSize=
#   JVM is running with Unscaled Compressed Oops mode in which the Java heap is
#     placed in the first 4GB address space. The Java Heap base address is the
#     maximum limit for the native heap growth. Please use -XX:HeapBaseMinAddress
#     to set the Java Heap base and to place the Java Heap above 4GB virtual address.
# This output file may be truncated or incomplete.
#
#  Out of Memory Error (arena.cpp:189), pid=3788, tid=24104
#
# JRE version: Java(TM) SE Runtime Environment (17.0.10+11) (build 17.0.10+11-LTS-240)
# Java VM: Java HotSpot(TM) 64-Bit Server VM (17.0.10+11-LTS-240, mixed mode, sharing, tiered, compressed oops, compressed class ptrs, g1 gc, windows-amd64)
# No core dump will be written. Minidumps are not enabled by default on client versions of Windows
#

---------------  S U M M A R Y ------------

Command Line: -javaagent:D:\Apps\IntelliJ IDEA Community Edition 2024.1.1\lib\idea_rt.jar=61400:D:\Apps\IntelliJ IDEA Community Edition 2024.1.1\bin -Dfile.encoding=UTF-8 com.example.registerapp.RegisterAppApplication

Host: AMD Ryzen 5 7535HS with Radeon Graphics        , 12 cores, 7G,  Windows 11 , 64 bit Build 22621 (10.0.22621.3527)
Time: Mon May 20 18:01:24 2024 SE Asia Standard Time elapsed time: 9.496020 seconds (0d 0h 0m 9s)

---------------  T H R E A D  ---------------

Current thread (0x00000226e5e1fea0):  JavaThread "C2 CompilerThread0" daemon [_thread_in_native, id=24104, stack(0x000000721e800000,0x000000721e900000)]


Current CompileTask:
C2:   9496 5225   !   4       org.springframework.core.annotation.AnnotationsScanner::processMethodHierarchy (276 bytes)

Stack: [0x000000721e800000,0x000000721e900000]
Native frames: (J=compiled Java code, j=interpreted, Vv=VM code, C=native code)
V  [jvm.dll+0x677a5a]
V  [jvm.dll+0x7d8b2d]
V  [jvm.dll+0x7da48e]
V  [jvm.dll+0x7daaf3]
V  [jvm.dll+0x2455ff]
V  [jvm.dll+0xaaafb]
V  [jvm.dll+0xab09c]
V  [jvm.dll+0x361bae]
V  [jvm.dll+0x1bb055]
V  [jvm.dll+0x217aa7]
V  [jvm.dll+0x216d81]
V  [jvm.dll+0x1a3410]
V  [jvm.dll+0x226aeb]
V  [jvm.dll+0x224cab]
V  [jvm.dll+0x78e45c]
V  [jvm.dll+0x78888a]
V  [jvm.dll+0x676935]
C  [ucrtbase.dll+0x29333]
C  [KERNEL32.DLL+0x1257d]
C  [ntdll.dll+0x5aa48]


---------------  P R O C E S S  ---------------

Threads class SMR info:
_java_thread_list=0x00000226ed04e070, length=31, elements={
0x00000226e5e03290, 0x00000226e5e04020, 0x00000226e5e16b60, 0x00000226e5e18a40,
0x00000226e5e1b420, 0x00000226e5e1bcf0, 0x00000226e5e1fea0, 0x00000226e5e28870,
0x00000226e5e3f1e0, 0x00000226e5de96f0, 0x00000226e67cb990, 0x00000226e67cbe70,
0x00000226ecd52f60, 0x00000226ecaf5c40, 0x00000226eb8b2bc0, 0x00000226edb0aa40,
0x00000226edb07290, 0x00000226edb090f0, 0x00000226edb086d0, 0x00000226edb081c0,
0x00000226edb0a020, 0x00000226edb08be0, 0x00000226edb077a0, 0x00000226edb07cb0,
0x00000226edb09600, 0x00000226edb0a530, 0x00000226ecc5f530, 0x00000226ecc60e80,
0x00000226ecc63700, 0x00000226ecc631f0, 0x00000226ecc5f020
}

Java Threads: ( => current thread )
  0x00000226e5e03290 JavaThread "Reference Handler" daemon [_thread_blocked, id=7508, stack(0x000000721e200000,0x000000721e300000)]
  0x00000226e5e04020 JavaThread "Finalizer" daemon [_thread_blocked, id=6152, stack(0x000000721e300000,0x000000721e400000)]
  0x00000226e5e16b60 JavaThread "Signal Dispatcher" daemon [_thread_blocked, id=10936, stack(0x000000721e400000,0x000000721e500000)]
  0x00000226e5e18a40 JavaThread "Attach Listener" daemon [_thread_blocked, id=22896, stack(0x000000721e500000,0x000000721e600000)]
  0x00000226e5e1b420 JavaThread "Service Thread" daemon [_thread_blocked, id=14252, stack(0x000000721e600000,0x000000721e700000)]
  0x00000226e5e1bcf0 JavaThread "Monitor Deflation Thread" daemon [_thread_blocked, id=24024, stack(0x000000721e700000,0x000000721e800000)]
=>0x00000226e5e1fea0 JavaThread "C2 CompilerThread0" daemon [_thread_in_native, id=24104, stack(0x000000721e800000,0x000000721e900000)]
  0x00000226e5e28870 JavaThread "C1 CompilerThread0" daemon [_thread_blocked, id=12340, stack(0x000000721e900000,0x000000721ea00000)]
  0x00000226e5e3f1e0 JavaThread "Sweeper thread" daemon [_thread_blocked, id=11604, stack(0x000000721ea00000,0x000000721eb00000)]
  0x00000226e5de96f0 JavaThread "Common-Cleaner" daemon [_thread_blocked, id=17988, stack(0x000000721eb00000,0x000000721ec00000)]
  0x00000226e67cb990 JavaThread "Monitor Ctrl-Break" daemon [_thread_in_native, id=10320, stack(0x000000721ec00000,0x000000721ed00000)]
  0x00000226e67cbe70 JavaThread "Notification Thread" daemon [_thread_blocked, id=1644, stack(0x000000721ed00000,0x000000721ee00000)]
  0x00000226ecd52f60 JavaThread "Catalina-utility-1" [_thread_blocked, id=12428, stack(0x000000721fb00000,0x000000721fc00000)]
  0x00000226ecaf5c40 JavaThread "Catalina-utility-2" [_thread_blocked, id=11504, stack(0x000000721fc00000,0x000000721fd00000)]
  0x00000226eb8b2bc0 JavaThread "container-0" [_thread_blocked, id=18280, stack(0x000000721fd00000,0x000000721fe00000)]
  0x00000226edb0aa40 JavaThread "mysql-cj-abandoned-connection-cleanup" daemon [_thread_blocked, id=15176, stack(0x000000721fe00000,0x000000721ff00000)]
  0x00000226edb07290 JavaThread "HikariPool-1 housekeeper" daemon [_thread_blocked, id=2012, stack(0x0000007220000000,0x0000007220100000)]
  0x00000226edb090f0 JavaThread "HikariPool-1 connection adder" daemon [_thread_blocked, id=5564, stack(0x0000007220100000,0x0000007220200000)]
  0x00000226edb086d0 JavaThread "http-nio-8080-exec-1" daemon [_thread_blocked, id=21256, stack(0x000000721f400000,0x000000721f500000)]
  0x00000226edb081c0 JavaThread "http-nio-8080-exec-2" daemon [_thread_blocked, id=5132, stack(0x0000007220200000,0x0000007220300000)]
  0x00000226edb0a020 JavaThread "http-nio-8080-exec-3" daemon [_thread_blocked, id=17868, stack(0x0000007220300000,0x0000007220400000)]
  0x00000226edb08be0 JavaThread "http-nio-8080-exec-4" daemon [_thread_blocked, id=10420, stack(0x0000007220400000,0x0000007220500000)]
  0x00000226edb077a0 JavaThread "http-nio-8080-exec-5" daemon [_thread_blocked, id=1700, stack(0x0000007220500000,0x0000007220600000)]
  0x00000226edb07cb0 JavaThread "http-nio-8080-exec-6" daemon [_thread_blocked, id=7352, stack(0x0000007220600000,0x0000007220700000)]
  0x00000226edb09600 JavaThread "http-nio-8080-exec-7" daemon [_thread_blocked, id=11968, stack(0x0000007220700000,0x0000007220800000)]
  0x00000226edb0a530 JavaThread "http-nio-8080-exec-8" daemon [_thread_blocked, id=6192, stack(0x0000007220800000,0x0000007220900000)]
  0x00000226ecc5f530 JavaThread "http-nio-8080-exec-9" daemon [_thread_blocked, id=21364, stack(0x0000007220900000,0x0000007220a00000)]
  0x00000226ecc60e80 JavaThread "http-nio-8080-exec-10" daemon [_thread_blocked, id=23344, stack(0x0000007220a00000,0x0000007220b00000)]
  0x00000226ecc63700 JavaThread "http-nio-8080-Poller" daemon [_thread_in_native, id=18612, stack(0x0000007220b00000,0x0000007220c00000)]
  0x00000226ecc631f0 JavaThread "http-nio-8080-Acceptor" daemon [_thread_in_native, id=3644, stack(0x0000007220c00000,0x0000007220d00000)]
  0x00000226ecc5f020 JavaThread "DestroyJavaVM" [_thread_blocked, id=18256, stack(0x000000721db00000,0x000000721dc00000)]

Other Threads:
  0x00000226e5dff780 VMThread "VM Thread" [stack: 0x000000721e100000,0x000000721e200000] [id=19660]
  0x00000226c84070b0 WatcherThread [stack: 0x000000721ee00000,0x000000721ef00000] [id=5332]
  0x00000226c83e1950 GCTaskThread "GC Thread#0" [stack: 0x000000721dc00000,0x000000721dd00000] [id=9128]
  0x00000226e6df53f0 GCTaskThread "GC Thread#1" [stack: 0x000000721ef00000,0x000000721f000000] [id=10400]
  0x00000226e6ecc480 GCTaskThread "GC Thread#2" [stack: 0x000000721f000000,0x000000721f100000] [id=12988]
  0x00000226e6ece750 GCTaskThread "GC Thread#3" [stack: 0x000000721f100000,0x000000721f200000] [id=22040]
  0x00000226e6ecea10 GCTaskThread "GC Thread#4" [stack: 0x000000721f200000,0x000000721f300000] [id=18208]
  0x00000226e6ececd0 GCTaskThread "GC Thread#5" [stack: 0x000000721f300000,0x000000721f400000] [id=15260]
  0x00000226eb26da40 GCTaskThread "GC Thread#6" [stack: 0x000000721f500000,0x000000721f600000] [id=12412]
  0x00000226eb346cb0 GCTaskThread "GC Thread#7" [stack: 0x000000721f600000,0x000000721f700000] [id=15220]
  0x00000226e6fbdcc0 GCTaskThread "GC Thread#8" [stack: 0x000000721f700000,0x000000721f800000] [id=2928]
  0x00000226eb3d7a00 GCTaskThread "GC Thread#9" [stack: 0x000000721f800000,0x000000721f900000] [id=3660]
  0x00000226c83f0df0 ConcurrentGCThread "G1 Main Marker" [stack: 0x000000721dd00000,0x000000721de00000] [id=18572]
  0x00000226c83f2720 ConcurrentGCThread "G1 Conc#0" [stack: 0x000000721de00000,0x000000721df00000] [id=7724]
  0x00000226ebc50ec0 ConcurrentGCThread "G1 Conc#1" [stack: 0x000000721f900000,0x000000721fa00000] [id=1612]
  0x00000226ed98fc30 ConcurrentGCThread "G1 Conc#2" [stack: 0x000000721fa00000,0x000000721fb00000] [id=8268]
  0x00000226c844e680 ConcurrentGCThread "G1 Refine#0" [stack: 0x000000721df00000,0x000000721e000000] [id=1376]
  0x00000226e5cb9fc0 ConcurrentGCThread "G1 Service" [stack: 0x000000721e000000,0x000000721e100000] [id=21120]

Threads with active compile tasks:
C2 CompilerThread0     9536 5225   !   4       org.springframework.core.annotation.AnnotationsScanner::processMethodHierarchy (276 bytes)

VM state: not at safepoint (normal execution)

VM Mutex/Monitor currently owned by a thread: None

Heap address: 0x000000008ce00000, size: 1842 MB, Compressed Oops mode: 32-bit

CDS archive(s) mapped at: [0x0000022680000000-0x0000022680bd0000-0x0000022680bd0000), size 12386304, SharedBaseAddress: 0x0000022680000000, ArchiveRelocationMode: 1.
Compressed class space mapped at: 0x0000022681000000-0x00000226c1000000, reserved size: 1073741824
Narrow klass base: 0x0000022680000000, Narrow klass shift: 0, Narrow klass range: 0x100000000

GC Precious Log:
 CPUs: 12 total, 12 available
 Memory: 7365M
 Large Page Support: Disabled
 NUMA Support: Disabled
 Compressed Oops: Enabled (32-bit)
 Heap Region Size: 1M
 Heap Min Capacity: 8M
 Heap Initial Capacity: 116M
 Heap Max Capacity: 1842M
 Pre-touch: Disabled
 Parallel Workers: 10
 Concurrent Workers: 3
 Concurrent Refinement Workers: 10
 Periodic GC: Disabled

Heap:
 garbage-first heap   total 61440K, used 31345K [0x000000008ce00000, 0x0000000100000000)
  region size 1024K, 7 young (7168K), 1 survivors (1024K)
 Metaspace       used 61914K, committed 62400K, reserved 1114112K
  class space    used 8391K, committed 8640K, reserved 1048576K

Heap Regions: E=young(eden), S=young(survivor), O=old, HS=humongous(starts), HC=humongous(continues), CS=collection set, F=free, OA=open archive, CA=closed archive, TAMS=top-at-mark-start (previous, next)
|   0|0x000000008ce00000, 0x000000008cf00000, 0x000000008cf00000|100%|HS|  |TAMS 0x000000008cf00000, 0x000000008ce00000| Complete 
|   1|0x000000008cf00000, 0x000000008d000000, 0x000000008d000000|100%| O|  |TAMS 0x000000008d000000, 0x000000008cf00000| Untracked 
|   2|0x000000008d000000, 0x000000008d100000, 0x000000008d100000|100%| O|  |TAMS 0x000000008d100000, 0x000000008d000000| Untracked 
|   3|0x000000008d100000, 0x000000008d200000, 0x000000008d200000|100%| O|  |TAMS 0x000000008d200000, 0x000000008d100000| Untracked 
|   4|0x000000008d200000, 0x000000008d300000, 0x000000008d300000|100%| O|  |TAMS 0x000000008d300000, 0x000000008d200000| Untracked 
|   5|0x000000008d300000, 0x000000008d400000, 0x000000008d400000|100%| O|  |TAMS 0x000000008d400000, 0x000000008d300000| Untracked 
|   6|0x000000008d400000, 0x000000008d500000, 0x000000008d500000|100%| O|  |TAMS 0x000000008d500000, 0x000000008d400000| Untracked 
|   7|0x000000008d500000, 0x000000008d600000, 0x000000008d600000|100%| O|  |TAMS 0x000000008d600000, 0x000000008d500000| Untracked 
|   8|0x000000008d600000, 0x000000008d700000, 0x000000008d700000|100%| O|  |TAMS 0x000000008d700000, 0x000000008d600000| Untracked 
|   9|0x000000008d700000, 0x000000008d800000, 0x000000008d800000|100%| O|  |TAMS 0x000000008d800000, 0x000000008d700000| Untracked 
|  10|0x000000008d800000, 0x000000008d900000, 0x000000008d900000|100%| O|  |TAMS 0x000000008d900000, 0x000000008d800000| Untracked 
|  11|0x000000008d900000, 0x000000008da00000, 0x000000008da00000|100%| O|  |TAMS 0x000000008da00000, 0x000000008d900000| Untracked 
|  12|0x000000008da00000, 0x000000008db00000, 0x000000008db00000|100%| O|  |TAMS 0x000000008db00000, 0x000000008da00000| Untracked 
|  13|0x000000008db00000, 0x000000008dc00000, 0x000000008dc00000|100%| O|  |TAMS 0x000000008dc00000, 0x000000008db00000| Untracked 
|  14|0x000000008dc00000, 0x000000008dd00000, 0x000000008dd00000|100%| O|  |TAMS 0x000000008dd00000, 0x000000008dc00000| Untracked 
|  15|0x000000008dd00000, 0x000000008dd00000, 0x000000008de00000|  0%| F|  |TAMS 0x000000008dd00000, 0x000000008dd00000| Untracked 
|  16|0x000000008de00000, 0x000000008df00000, 0x000000008df00000|100%| O|  |TAMS 0x000000008df00000, 0x000000008de00000| Untracked 
|  17|0x000000008df00000, 0x000000008e000000, 0x000000008e000000|100%| O|  |TAMS 0x000000008e000000, 0x000000008df00000| Untracked 
|  18|0x000000008e000000, 0x000000008e100000, 0x000000008e100000|100%| O|  |TAMS 0x000000008e100000, 0x000000008e000000| Untracked 
|  19|0x000000008e100000, 0x000000008e200000, 0x000000008e200000|100%| O|  |TAMS 0x000000008e200000, 0x000000008e100000| Untracked 
|  20|0x000000008e200000, 0x000000008e300000, 0x000000008e300000|100%| O|  |TAMS 0x000000008e24e200, 0x000000008e200000| Untracked 
|  21|0x000000008e300000, 0x000000008e400000, 0x000000008e400000|100%| O|  |TAMS 0x000000008e300000, 0x000000008e300000| Untracked 
|  22|0x000000008e400000, 0x000000008e500000, 0x000000008e500000|100%| O|  |TAMS 0x000000008e400000, 0x000000008e400000| Untracked 
|  23|0x000000008e500000, 0x000000008e600000, 0x000000008e600000|100%| O|  |TAMS 0x000000008e500000, 0x000000008e500000| Untracked 
|  24|0x000000008e600000, 0x000000008e700000, 0x000000008e700000|100%| O|  |TAMS 0x000000008e600000, 0x000000008e600000| Untracked 
|  25|0x000000008e700000, 0x000000008e800000, 0x000000008e800000|100%| O|  |TAMS 0x000000008e700000, 0x000000008e700000| Untracked 
|  26|0x000000008e800000, 0x000000008e825400, 0x000000008e900000| 14%| O|  |TAMS 0x000000008e800000, 0x000000008e800000| Untracked 
|  27|0x000000008e900000, 0x000000008e900000, 0x000000008ea00000|  0%| F|  |TAMS 0x000000008e900000, 0x000000008e900000| Untracked 
|  28|0x000000008ea00000, 0x000000008ea00000, 0x000000008eb00000|  0%| F|  |TAMS 0x000000008ea00000, 0x000000008ea00000| Untracked 
|  29|0x000000008eb00000, 0x000000008eb00000, 0x000000008ec00000|  0%| F|  |TAMS 0x000000008eb00000, 0x000000008eb00000| Untracked 
|  30|0x000000008ec00000, 0x000000008ec00000, 0x000000008ed00000|  0%| F|  |TAMS 0x000000008ec00000, 0x000000008ec00000| Untracked 
|  31|0x000000008ed00000, 0x000000008ed00000, 0x000000008ee00000|  0%| F|  |TAMS 0x000000008ed00000, 0x000000008ed00000| Untracked 
|  32|0x000000008ee00000, 0x000000008ee00000, 0x000000008ef00000|  0%| F|  |TAMS 0x000000008ee00000, 0x000000008ee00000| Untracked 
|  33|0x000000008ef00000, 0x000000008ef00000, 0x000000008f000000|  0%| F|  |TAMS 0x000000008ef00000, 0x000000008ef00000| Untracked 
|  34|0x000000008f000000, 0x000000008f000000, 0x000000008f100000|  0%| F|  |TAMS 0x000000008f000000, 0x000000008f000000| Untracked 
|  35|0x000000008f100000, 0x000000008f100000, 0x000000008f200000|  0%| F|  |TAMS 0x000000008f100000, 0x000000008f100000| Untracked 
|  36|0x000000008f200000, 0x000000008f200000, 0x000000008f300000|  0%| F|  |TAMS 0x000000008f200000, 0x000000008f200000| Untracked 
|  37|0x000000008f300000, 0x000000008f300000, 0x000000008f400000|  0%| F|  |TAMS 0x000000008f300000, 0x000000008f300000| Untracked 
|  38|0x000000008f400000, 0x000000008f400000, 0x000000008f500000|  0%| F|  |TAMS 0x000000008f400000, 0x000000008f400000| Untracked 
|  39|0x000000008f500000, 0x000000008f500000, 0x000000008f600000|  0%| F|  |TAMS 0x000000008f500000, 0x000000008f500000| Untracked 
|  40|0x000000008f600000, 0x000000008f600000, 0x000000008f700000|  0%| F|  |TAMS 0x000000008f600000, 0x000000008f600000| Untracked 
|  41|0x000000008f700000, 0x000000008f700000, 0x000000008f800000|  0%| F|  |TAMS 0x000000008f700000, 0x000000008f700000| Untracked 
|  42|0x000000008f800000, 0x000000008f800000, 0x000000008f900000|  0%| F|  |TAMS 0x000000008f800000, 0x000000008f800000| Untracked 
|  43|0x000000008f900000, 0x000000008f900000, 0x000000008fa00000|  0%| F|  |TAMS 0x000000008f900000, 0x000000008f900000| Untracked 
|  44|0x000000008fa00000, 0x000000008fa00000, 0x000000008fb00000|  0%| F|  |TAMS 0x000000008fa00000, 0x000000008fa00000| Untracked 
|  45|0x000000008fb00000, 0x000000008fb00000, 0x000000008fc00000|  0%| F|  |TAMS 0x000000008fb00000, 0x000000008fb00000| Untracked 
|  46|0x000000008fc00000, 0x000000008fc00000, 0x000000008fd00000|  0%| F|  |TAMS 0x000000008fc00000, 0x000000008fc00000| Untracked 
|  47|0x000000008fd00000, 0x000000008fd00000, 0x000000008fe00000|  0%| F|  |TAMS 0x000000008fd00000, 0x000000008fd00000| Untracked 
|  48|0x000000008fe00000, 0x000000008fe00000, 0x000000008ff00000|  0%| F|  |TAMS 0x000000008fe00000, 0x000000008fe00000| Untracked 
|  49|0x000000008ff00000, 0x000000008ff00000, 0x0000000090000000|  0%| F|  |TAMS 0x000000008ff00000, 0x000000008ff00000| Untracked 
|  50|0x0000000090000000, 0x0000000090000000, 0x0000000090100000|  0%| F|  |TAMS 0x0000000090000000, 0x0000000090000000| Untracked 
|  51|0x0000000090100000, 0x0000000090100000, 0x0000000090200000|  0%| F|  |TAMS 0x0000000090100000, 0x0000000090100000| Untracked 
|  58|0x0000000090800000, 0x0000000090800000, 0x0000000090900000|  0%| F|  |TAMS 0x0000000090800000, 0x0000000090800000| Untracked 
|  59|0x0000000090900000, 0x000000009091b650, 0x0000000090a00000| 10%| E|  |TAMS 0x0000000090900000, 0x0000000090900000| Complete 
|  60|0x0000000090a00000, 0x0000000090b00000, 0x0000000090b00000|100%| E|CS|TAMS 0x0000000090a00000, 0x0000000090a00000| Complete 
|  61|0x0000000090b00000, 0x0000000090c00000, 0x0000000090c00000|100%| E|CS|TAMS 0x0000000090b00000, 0x0000000090b00000| Complete 
|  62|0x0000000090c00000, 0x0000000090d00000, 0x0000000090d00000|100%| E|CS|TAMS 0x0000000090c00000, 0x0000000090c00000| Complete 
|  63|0x0000000090d00000, 0x0000000090e00000, 0x0000000090e00000|100%| E|CS|TAMS 0x0000000090d00000, 0x0000000090d00000| Complete 
|  64|0x0000000090e00000, 0x0000000090e770c0, 0x0000000090f00000| 46%| S|CS|TAMS 0x0000000090e00000, 0x0000000090e00000| Complete 
| 115|0x0000000094100000, 0x0000000094200000, 0x0000000094200000|100%| E|CS|TAMS 0x0000000094100000, 0x0000000094100000| Complete 

Card table byte_map: [0x00000226df520000,0x00000226df8c0000] _byte_map_base: 0x00000226df0b9000

Marking Bits (Prev, Next): (CMBitMap*) 0x00000226c83e1ec0, (CMBitMap*) 0x00000226c83e1e80
 Prev Bits: [0x00000226e1930000, 0x00000226e35f8000)
 Next Bits: [0x00000226dfc60000, 0x00000226e1928000)

Polling page: 0x00000226c7b50000

Metaspace:

Usage:
  Non-class:     52.27 MB used.
      Class:      8.19 MB used.
       Both:     60.46 MB used.

Virtual space:
  Non-class space:       64.00 MB reserved,      52.50 MB ( 82%) committed,  1 nodes.
      Class space:        1.00 GB reserved,       8.44 MB ( <1%) committed,  1 nodes.
             Both:        1.06 GB reserved,      60.94 MB (  6%) committed. 

Chunk freelists:
   Non-Class:  10.70 MB
       Class:  7.45 MB
        Both:  18.16 MB

MaxMetaspaceSize: unlimited
CompressedClassSpaceSize: 1.00 GB
Initial GC threshold: 21.00 MB
Current GC threshold: 98.38 MB
CDS: on
MetaspaceReclaimPolicy: balanced
 - commit_granule_bytes: 65536.
 - commit_granule_words: 8192.
 - virtual_space_node_default_size: 8388608.
 - enlarge_chunks_in_place: 1.
 - new_chunks_are_fully_committed: 0.
 - uncommit_free_chunks: 1.
 - use_allocation_guard: 0.
 - handle_deallocations: 1.


Internal statistics:

num_allocs_failed_limit: 9.
num_arena_births: 664.
num_arena_deaths: 0.
num_vsnodes_births: 2.
num_vsnodes_deaths: 0.
num_space_committed: 975.
num_space_uncommitted: 0.
num_chunks_returned_to_freelist: 9.
num_chunks_taken_from_freelist: 2808.
num_chunk_merges: 9.
num_chunk_splits: 2043.
num_chunks_enlarged: 1617.
num_inconsistent_stats: 0.

CodeHeap 'non-profiled nmethods': size=120000Kb used=2761Kb max_used=3064Kb free=117239Kb
 bounds [0x00000226d7700000, 0x00000226d7a40000, 0x00000226dec30000]
CodeHeap 'profiled nmethods': size=120000Kb used=8657Kb max_used=10444Kb free=111342Kb
 bounds [0x00000226cfc30000, 0x00000226d0670000, 0x00000226d7160000]
CodeHeap 'non-nmethods': size=5760Kb used=1340Kb max_used=1398Kb free=4420Kb
 bounds [0x00000226d7160000, 0x00000226d73d0000, 0x00000226d7700000]
 total_blobs=5173 nmethods=4504 adapters=581
 compilation: enabled
              stopped_count=0, restarted_count=0
 full_count=0

Compilation events (20 events):
Event: 8.166 Thread 0x00000226e5e1fea0 nmethod 5304 0x00000226d7a11c10 code [0x00000226d7a12360, 0x00000226d7a19380]
Event: 8.167 Thread 0x00000226e5e1fea0 5193       4       org.springframework.core.annotation.TypeMappedAnnotations$MergedAnnotationFinder::doWithAnnotations (75 bytes)
Event: 8.516 Thread 0x00000226e5e1fea0 nmethod 5193 0x00000226d7a1dc90 code [0x00000226d7a1e460, 0x00000226d7a27240]
Event: 8.516 Thread 0x00000226e5e1fea0 5254       4       java.util.concurrent.ConcurrentHashMap::get (162 bytes)
Event: 8.520 Thread 0x00000226e5e1fea0 nmethod 5254 0x00000226d7741a90 code [0x00000226d7741c40, 0x00000226d7741f68]
Event: 8.520 Thread 0x00000226e5e1fea0 5004       4       org.springframework.core.annotation.AnnotationsScanner::getDeclaredAnnotations (166 bytes)
Event: 8.903 Thread 0x00000226e5e1fea0 nmethod 5004 0x00000226d7a2c210 code [0x00000226d7a2c900, 0x00000226d7a33a10]
Event: 8.904 Thread 0x00000226e5e1fea0 5115       4       org.springframework.core.BridgeMethodResolver$$Lambda$525/0x0000022681308fa0::matches (9 bytes)
Event: 8.906 Thread 0x00000226e5e1fea0 nmethod 5115 0x00000226d77e9f10 code [0x00000226d77ea0a0, 0x00000226d77ea2d8]
Event: 8.906 Thread 0x00000226e5e1fea0 5116       4       org.springframework.core.BridgeMethodResolver::isBridgedCandidateFor (38 bytes)
Event: 8.909 Thread 0x00000226e5e1fea0 nmethod 5116 0x00000226d77e9890 code [0x00000226d77e9a20, 0x00000226d77e9c38]
Event: 8.909 Thread 0x00000226e5e1fea0 5010       4       org.springframework.util.ConcurrentReferenceHashMap::getReference (18 bytes)
Event: 8.929 Thread 0x00000226e5e1fea0 nmethod 5010 0x00000226d7735d10 code [0x00000226d7735f00, 0x00000226d7736a08]
Event: 8.929 Thread 0x00000226e5e1fea0 5063       4       org.springframework.util.ConcurrentReferenceHashMap::get (37 bytes)
Event: 8.931 Thread 0x00000226e5e1fea0 nmethod 5063 0x00000226d7741610 code [0x00000226d77417a0, 0x00000226d7741908]
Event: 8.931 Thread 0x00000226e5e1fea0 5092       4       org.springframework.beans.factory.support.AbstractBeanFactory::isTypeMatch (745 bytes)
Event: 9.238 Thread 0x00000226e5e1fea0 nmethod 5092 0x00000226d7846b10 code [0x00000226d7847080, 0x00000226d784b990]
Event: 9.240 Thread 0x00000226e5e1fea0 5339       4       java.util.TreeMap::successor (66 bytes)
Event: 9.242 Thread 0x00000226e5e1fea0 nmethod 5339 0x00000226d7798a90 code [0x00000226d7798c00, 0x00000226d7798cd8]
Event: 9.242 Thread 0x00000226e5e1fea0 5225   !   4       org.springframework.core.annotation.AnnotationsScanner::processMethodHierarchy (276 bytes)

GC Heap History (20 events):
Event: 3.451 GC heap before
{Heap before GC invocations=5 (full 0):
 garbage-first heap   total 51200K, used 16073K [0x000000008ce00000, 0x0000000100000000)
  region size 1024K, 4 young (4096K), 3 survivors (3072K)
 Metaspace       used 26483K, committed 26816K, reserved 1114112K
  class space    used 3351K, committed 3520K, reserved 1048576K
}
Event: 3.458 GC heap after
{Heap after GC invocations=6 (full 0):
 garbage-first heap   total 51200K, used 15992K [0x000000008ce00000, 0x0000000100000000)
  region size 1024K, 1 young (1024K), 1 survivors (1024K)
 Metaspace       used 26483K, committed 26816K, reserved 1114112K
  class space    used 3351K, committed 3520K, reserved 1048576K
}
Event: 4.013 GC heap before
{Heap before GC invocations=6 (full 0):
 garbage-first heap   total 51200K, used 35448K [0x000000008ce00000, 0x0000000100000000)
  region size 1024K, 20 young (20480K), 1 survivors (1024K)
 Metaspace       used 30301K, committed 30720K, reserved 1114112K
  class space    used 3866K, committed 4096K, reserved 1048576K
}
Event: 4.015 GC heap after
{Heap after GC invocations=7 (full 0):
 garbage-first heap   total 51200K, used 16674K [0x000000008ce00000, 0x0000000100000000)
  region size 1024K, 2 young (2048K), 2 survivors (2048K)
 Metaspace       used 30301K, committed 30720K, reserved 1114112K
  class space    used 3866K, committed 4096K, reserved 1048576K
}
Event: 4.499 GC heap before
{Heap before GC invocations=7 (full 0):
 garbage-first heap   total 51200K, used 36130K [0x000000008ce00000, 0x0000000100000000)
  region size 1024K, 22 young (22528K), 2 survivors (2048K)
 Metaspace       used 35531K, committed 35968K, reserved 1114112K
  class space    used 4635K, committed 4864K, reserved 1048576K
}
Event: 4.502 GC heap after
{Heap after GC invocations=8 (full 0):
 garbage-first heap   total 51200K, used 17985K [0x000000008ce00000, 0x0000000100000000)
  region size 1024K, 3 young (3072K), 3 survivors (3072K)
 Metaspace       used 35531K, committed 35968K, reserved 1114112K
  class space    used 4635K, committed 4864K, reserved 1048576K
}
Event: 5.251 GC heap before
{Heap before GC invocations=9 (full 0):
 garbage-first heap   total 51200K, used 38465K [0x000000008ce00000, 0x0000000100000000)
  region size 1024K, 23 young (23552K), 3 survivors (3072K)
 Metaspace       used 44445K, committed 44928K, reserved 1114112K
  class space    used 5779K, committed 6016K, reserved 1048576K
}
Event: 5.255 GC heap after
{Heap after GC invocations=10 (full 0):
 garbage-first heap   total 51200K, used 19780K [0x000000008ce00000, 0x0000000100000000)
  region size 1024K, 3 young (3072K), 3 survivors (3072K)
 Metaspace       used 44445K, committed 44928K, reserved 1114112K
  class space    used 5779K, committed 6016K, reserved 1048576K
}
Event: 5.608 GC heap before
{Heap before GC invocations=10 (full 0):
 garbage-first heap   total 51200K, used 37188K [0x000000008ce00000, 0x0000000100000000)
  region size 1024K, 21 young (21504K), 3 survivors (3072K)
 Metaspace       used 49304K, committed 49792K, reserved 1114112K
  class space    used 6479K, committed 6720K, reserved 1048576K
}
Event: 5.612 GC heap after
{Heap after GC invocations=11 (full 0):
 garbage-first heap   total 51200K, used 21127K [0x000000008ce00000, 0x0000000100000000)
  region size 1024K, 2 young (2048K), 2 survivors (2048K)
 Metaspace       used 49304K, committed 49792K, reserved 1114112K
  class space    used 6479K, committed 6720K, reserved 1048576K
}
Event: 6.137 GC heap before
{Heap before GC invocations=11 (full 0):
 garbage-first heap   total 51200K, used 38535K [0x000000008ce00000, 0x0000000100000000)
  region size 1024K, 19 young (19456K), 2 survivors (2048K)
 Metaspace       used 54191K, committed 54720K, reserved 1114112K
  class space    used 7269K, committed 7488K, reserved 1048576K
}
Event: 6.139 GC heap after
{Heap after GC invocations=12 (full 0):
 garbage-first heap   total 51200K, used 21604K [0x000000008ce00000, 0x0000000100000000)
  region size 1024K, 2 young (2048K), 2 survivors (2048K)
 Metaspace       used 54191K, committed 54720K, reserved 1114112K
  class space    used 7269K, committed 7488K, reserved 1048576K
}
Event: 6.577 GC heap before
{Heap before GC invocations=12 (full 0):
 garbage-first heap   total 51200K, used 40036K [0x000000008ce00000, 0x0000000100000000)
  region size 1024K, 20 young (20480K), 2 survivors (2048K)
 Metaspace       used 58002K, committed 58496K, reserved 1114112K
  class space    used 7774K, committed 8000K, reserved 1048576K
}
Event: 6.580 GC heap after
{Heap after GC invocations=13 (full 0):
 garbage-first heap   total 51200K, used 23365K [0x000000008ce00000, 0x0000000100000000)
  region size 1024K, 3 young (3072K), 3 survivors (3072K)
 Metaspace       used 58002K, committed 58496K, reserved 1114112K
  class space    used 7774K, committed 8000K, reserved 1048576K
}
Event: 6.995 GC heap before
{Heap before GC invocations=13 (full 0):
 garbage-first heap   total 51200K, used 32581K [0x000000008ce00000, 0x0000000100000000)
  region size 1024K, 13 young (13312K), 3 survivors (3072K)
 Metaspace       used 59843K, committed 60288K, reserved 1114112K
  class space    used 8060K, committed 8256K, reserved 1048576K
}
Event: 6.998 GC heap after
{Heap after GC invocations=14 (full 0):
 garbage-first heap   total 51200K, used 24468K [0x000000008ce00000, 0x0000000100000000)
  region size 1024K, 2 young (2048K), 2 survivors (2048K)
 Metaspace       used 59843K, committed 60288K, reserved 1114112K
  class space    used 8060K, committed 8256K, reserved 1048576K
}
Event: 7.271 GC heap before
{Heap before GC invocations=15 (full 0):
 garbage-first heap   total 51200K, used 39828K [0x000000008ce00000, 0x0000000100000000)
  region size 1024K, 17 young (17408K), 2 survivors (2048K)
 Metaspace       used 61330K, committed 61824K, reserved 1114112K
  class space    used 8316K, committed 8512K, reserved 1048576K
}
Event: 7.274 GC heap after
{Heap after GC invocations=16 (full 0):
 garbage-first heap   total 61440K, used 25997K [0x000000008ce00000, 0x0000000100000000)
  region size 1024K, 3 young (3072K), 3 survivors (3072K)
 Metaspace       used 61330K, committed 61824K, reserved 1114112K
  class space    used 8316K, committed 8512K, reserved 1048576K
}
Event: 7.278 GC heap before
{Heap before GC invocations=16 (full 0):
 garbage-first heap   total 61440K, used 27021K [0x000000008ce00000, 0x0000000100000000)
  region size 1024K, 4 young (4096K), 3 survivors (3072K)
 Metaspace       used 61334K, committed 61824K, reserved 1114112K
  class space    used 8317K, committed 8512K, reserved 1048576K
}
Event: 7.280 GC heap after
{Heap after GC invocations=17 (full 0):
 garbage-first heap   total 61440K, used 26225K [0x000000008ce00000, 0x0000000100000000)
  region size 1024K, 1 young (1024K), 1 survivors (1024K)
 Metaspace       used 61334K, committed 61824K, reserved 1114112K
  class space    used 8317K, committed 8512K, reserved 1048576K
}

Deoptimization events (20 events):
Event: 7.242 Thread 0x00000226c838c7e0 Uncommon trap: trap_request=0xffffffde fr.pc=0x00000226d77714d4 relative=0x0000000000000114
Event: 7.242 Thread 0x00000226c838c7e0 Uncommon trap: reason=class_check action=maybe_recompile pc=0x00000226d77714d4 method=org.springframework.boot.context.properties.source.ConfigurationPropertyName$Elements.charAt(II)C @ 43 c2
Event: 7.242 Thread 0x00000226c838c7e0 DEOPT PACKING pc=0x00000226d77714d4 sp=0x000000721dbfbef0
Event: 7.242 Thread 0x00000226c838c7e0 DEOPT UNPACKING pc=0x00000226d71b23a3 sp=0x000000721dbfbe68 mode 2
Event: 7.242 Thread 0x00000226c838c7e0 Uncommon trap: trap_request=0xffffffde fr.pc=0x00000226d77714d4 relative=0x0000000000000114
Event: 7.242 Thread 0x00000226c838c7e0 Uncommon trap: reason=class_check action=maybe_recompile pc=0x00000226d77714d4 method=org.springframework.boot.context.properties.source.ConfigurationPropertyName$Elements.charAt(II)C @ 43 c2
Event: 7.242 Thread 0x00000226c838c7e0 DEOPT PACKING pc=0x00000226d77714d4 sp=0x000000721dbfbef0
Event: 7.242 Thread 0x00000226c838c7e0 DEOPT UNPACKING pc=0x00000226d71b23a3 sp=0x000000721dbfbe68 mode 2
Event: 7.255 Thread 0x00000226c838c7e0 Uncommon trap: trap_request=0xfffffff4 fr.pc=0x00000226d78308bc relative=0x000000000000021c
Event: 7.255 Thread 0x00000226c838c7e0 Uncommon trap: reason=null_check action=make_not_entrant pc=0x00000226d78308bc method=org.springframework.util.ClassUtils.isAssignable(Ljava/lang/Class;Ljava/lang/Class;)Z @ 14 c2
Event: 7.255 Thread 0x00000226c838c7e0 DEOPT PACKING pc=0x00000226d78308bc sp=0x000000721dbfe7a0
Event: 7.255 Thread 0x00000226c838c7e0 DEOPT UNPACKING pc=0x00000226d71b23a3 sp=0x000000721dbfe730 mode 2
Event: 7.310 Thread 0x00000226c838c7e0 Uncommon trap: trap_request=0xffffff45 fr.pc=0x00000226d7761a60 relative=0x0000000000000060
Event: 7.310 Thread 0x00000226c838c7e0 Uncommon trap: reason=unstable_if action=reinterpret pc=0x00000226d7761a60 method=org.springframework.util.ConcurrentReferenceHashMap$Segment.clear()V @ 7 c2
Event: 7.310 Thread 0x00000226c838c7e0 DEOPT PACKING pc=0x00000226d7761a60 sp=0x000000721dbff0e0
Event: 7.310 Thread 0x00000226c838c7e0 DEOPT UNPACKING pc=0x00000226d71b23a3 sp=0x000000721dbff070 mode 2
Event: 7.359 Thread 0x00000226c838c7e0 Uncommon trap: trap_request=0xffffff45 fr.pc=0x00000226d798b390 relative=0x00000000000000f0
Event: 7.359 Thread 0x00000226c838c7e0 Uncommon trap: reason=unstable_if action=reinterpret pc=0x00000226d798b390 method=java.util.ArrayList.indexOfRange(Ljava/lang/Object;II)I @ 7 c2
Event: 7.359 Thread 0x00000226c838c7e0 DEOPT PACKING pc=0x00000226d798b390 sp=0x000000721dbfee70
Event: 7.359 Thread 0x00000226c838c7e0 DEOPT UNPACKING pc=0x00000226d71b23a3 sp=0x000000721dbfedf0 mode 2

Classes unloaded (0 events):
No events

Classes redefined (0 events):
No events

Internal exceptions (20 events):
Event: 6.177 Thread 0x00000226c838c7e0 Exception <a 'java/lang/NoSuchMethodError'{0x0000000090ec2c70}: 'void java.lang.invoke.DirectMethodHandle$Holder.invokeInterface(java.lang.Object, java.lang.Object)'> (0x0000000090ec2c70) 
thrown [s\open\src\hotspot\share\interpreter\linkResolver.cpp, line 759]
Event: 6.348 Thread 0x00000226c838c7e0 Exception <a 'java/io/FileNotFoundException'{0x000000009096c138}> (0x000000009096c138) 
thrown [s\open\src\hotspot\share\prims\jni.cpp, line 516]
Event: 6.349 Thread 0x00000226c838c7e0 Exception <a 'java/io/FileNotFoundException'{0x00000000909772e0}> (0x00000000909772e0) 
thrown [s\open\src\hotspot\share\prims\jni.cpp, line 516]
Event: 6.396 Thread 0x00000226c838c7e0 Exception <a 'java/lang/IncompatibleClassChangeError'{0x000000008f54a7a0}: Found class java.lang.Object, but interface was expected> (0x000000008f54a7a0) 
thrown [s\open\src\hotspot\share\interpreter\linkResolver.cpp, line 826]
Event: 6.405 Thread 0x00000226c838c7e0 Exception <a 'java/lang/IncompatibleClassChangeError'{0x000000008f5dfda8}: Found class java.lang.Object, but interface was expected> (0x000000008f5dfda8) 
thrown [s\open\src\hotspot\share\interpreter\linkResolver.cpp, line 826]
Event: 6.435 Thread 0x00000226c838c7e0 Exception <a 'java/lang/IncompatibleClassChangeError'{0x000000008f3445e8}: Found class java.lang.Object, but interface was expected> (0x000000008f3445e8) 
thrown [s\open\src\hotspot\share\interpreter\linkResolver.cpp, line 826]
Event: 6.602 Thread 0x00000226c838c7e0 Exception <a 'java/lang/IncompatibleClassChangeError'{0x00000000941acd18}: Found class java.lang.Object, but interface was expected> (0x00000000941acd18) 
thrown [s\open\src\hotspot\share\interpreter\linkResolver.cpp, line 826]
Event: 6.667 Thread 0x00000226c838c7e0 Exception <a 'java/lang/reflect/InvocationTargetException'{0x0000000090df7798}> (0x0000000090df7798) 
thrown [s\open\src\hotspot\share\runtime\reflection.cpp, line 1121]
Event: 6.676 Thread 0x00000226c838c7e0 Exception <a 'java/lang/NoSuchMethodError'{0x0000000090c5d0d8}: 'int java.lang.invoke.DirectMethodHandle$Holder.invokeStatic(java.lang.Object, java.lang.Object, int)'> (0x0000000090c5d0d8) 
thrown [s\open\src\hotspot\share\interpreter\linkResolver.cpp, line 759]
Event: 6.684 Thread 0x00000226c838c7e0 Exception <a 'java/lang/IncompatibleClassChangeError'{0x0000000090ca2a38}: Found class java.lang.Object, but interface was expected> (0x0000000090ca2a38) 
thrown [s\open\src\hotspot\share\interpreter\linkResolver.cpp, line 826]
Event: 6.735 Thread 0x00000226c838c7e0 Exception <a 'java/lang/NoSuchMethodError'{0x0000000090a4b918}: 'java.lang.Object java.lang.invoke.DirectMethodHandle$Holder.invokeStatic(java.lang.Object, int, java.lang.Object)'> (0x0000000090a4b918) 
thrown [s\open\src\hotspot\share\interpreter\linkResolver.cpp, line 759]
Event: 7.095 Thread 0x00000226c838c7e0 Exception <a 'sun/nio/fs/WindowsException'{0x0000000090b5e1e0}> (0x0000000090b5e1e0) 
thrown [s\open\src\hotspot\share\prims\jni.cpp, line 516]
Event: 7.136 Thread 0x00000226c838c7e0 Exception <a 'java/lang/IncompatibleClassChangeError'{0x00000000908ec740}: Found class java.lang.Object, but interface was expected> (0x00000000908ec740) 
thrown [s\open\src\hotspot\share\interpreter\linkResolver.cpp, line 826]
Event: 7.172 Thread 0x00000226c838c7e0 Exception <a 'java/lang/NoSuchMethodError'{0x000000008f696c70}: 'void java.lang.invoke.DirectMethodHandle$Holder.invokeVirtual(java.lang.Object, java.lang.Object, long)'> (0x000000008f696c70) 
thrown [s\open\src\hotspot\share\interpreter\linkResolver.cpp, line 759]
Event: 7.245 Thread 0x00000226c838c7e0 Exception <a 'java/lang/IncompatibleClassChangeError'{0x000000008f0a9890}: Found class java.lang.Object, but interface was expected> (0x000000008f0a9890) 
thrown [s\open\src\hotspot\share\interpreter\linkResolver.cpp, line 826]
Event: 7.255 Thread 0x00000226c838c7e0 Implicit null exception at 0x00000226d78306ba to 0x00000226d78308a8
Event: 7.311 Thread 0x00000226c838c7e0 Exception <a 'java/lang/NoSuchMethodError'{0x0000000090dc5d08}: 'java.lang.Object java.lang.invoke.DirectMethodHandle$Holder.newInvokeSpecial(java.lang.Object, java.lang.Object, int, java.lang.Object, java.lang.Object)'> (0x0000000090dc5d08) 
thrown [s\open\src\hotspot\share\interpreter\linkResolver.cpp, line 759]
Event: 7.312 Thread 0x00000226c838c7e0 Exception <a 'java/lang/NoSuchMethodError'{0x0000000090dd2020}: 'java.lang.Object java.lang.invoke.DirectMethodHandle$Holder.invokeSpecial(java.lang.Object, java.lang.Object, int, java.lang.Object, int, java.lang.Object)'> (0x0000000090dd2020) 
thrown [s\open\src\hotspot\share\interpreter\linkResolver.cpp, line 759]
Event: 7.312 Thread 0x00000226c838c7e0 Exception <a 'java/lang/NoSuchMethodError'{0x0000000090dd9e28}: 'java.lang.Object java.lang.invoke.DirectMethodHandle$Holder.newInvokeSpecial(java.lang.Object, java.lang.Object, int, java.lang.Object, int)'> (0x0000000090dd9e28) 
thrown [s\open\src\hotspot\share\interpreter\linkResolver.cpp, line 759]
Event: 7.313 Thread 0x00000226c838c7e0 Exception <a 'java/lang/NoSuchMethodError'{0x0000000090dddf28}: 'java.lang.Object java.lang.invoke.DirectMethodHandle$Holder.invokeSpecial(java.lang.Object, java.lang.Object, java.lang.Object, int, java.lang.Object, int)'> (0x0000000090dddf28) 
thrown [s\open\src\hotspot\share\interpreter\linkResolver.cpp, line 759]

VM Operations (20 events):
Event: 7.010 Executing VM operation: HandshakeAllThreads
Event: 7.010 Executing VM operation: HandshakeAllThreads done
Event: 7.010 Executing VM operation: G1Concurrent
Event: 7.013 Executing VM operation: G1Concurrent done
Event: 7.017 Executing VM operation: G1Concurrent
Event: 7.017 Executing VM operation: G1Concurrent done
Event: 7.030 Executing VM operation: HandshakeAllThreads
Event: 7.030 Executing VM operation: HandshakeAllThreads done
Event: 7.061 Executing VM operation: HandshakeAllThreads
Event: 7.061 Executing VM operation: HandshakeAllThreads done
Event: 7.188 Executing VM operation: HandshakeAllThreads
Event: 7.188 Executing VM operation: HandshakeAllThreads done
Event: 7.271 Executing VM operation: G1CollectForAllocation
Event: 7.274 Executing VM operation: G1CollectForAllocation done
Event: 7.278 Executing VM operation: G1CollectForAllocation
Event: 7.280 Executing VM operation: G1CollectForAllocation done
Event: 8.288 Executing VM operation: Cleanup
Event: 8.288 Executing VM operation: Cleanup done
Event: 9.309 Executing VM operation: Cleanup
Event: 9.310 Executing VM operation: Cleanup done

Events (20 events):
Event: 7.350 loading class java/nio/channels/Pipe$SourceChannel done
Event: 7.350 loading class sun/nio/ch/SourceChannelImpl done
Event: 7.350 loading class sun/nio/ch/SinkChannelImpl
Event: 7.350 loading class java/nio/channels/Pipe$SinkChannel
Event: 7.350 loading class java/nio/channels/Pipe$SinkChannel done
Event: 7.350 loading class sun/nio/ch/SinkChannelImpl done
Event: 7.352 Thread 0x00000226ecc63700 Thread added: 0x00000226ecc63700
Event: 7.352 loading class java/nio/channels/spi/AbstractSelector$1
Event: 7.352 loading class java/nio/channels/spi/AbstractSelector$1 done
Event: 7.353 Thread 0x00000226ecc631f0 Thread added: 0x00000226ecc631f0
Event: 7.355 loading class java/util/TreeMap$ValueSpliterator
Event: 7.355 loading class java/util/TreeMap$TreeMapSpliterator
Event: 7.355 loading class java/util/TreeMap$TreeMapSpliterator done
Event: 7.355 loading class java/util/TreeMap$ValueSpliterator done
Event: 7.376 loading class java/util/IdentityHashMap$KeySpliterator
Event: 7.376 loading class java/util/IdentityHashMap$IdentityHashMapSpliterator
Event: 7.377 loading class java/util/IdentityHashMap$IdentityHashMapSpliterator done
Event: 7.377 loading class java/util/IdentityHashMap$KeySpliterator done
Event: 7.379 Thread 0x00000226c838c7e0 Thread exited: 0x00000226c838c7e0
Event: 7.379 Thread 0x00000226ecc5f020 Thread added: 0x00000226ecc5f020


Dynamic libraries:
0x00007ff672bc0000 - 0x00007ff672bd0000 	C:\Program Files\Java\jdk-17\bin\java.exe
0x00007fff02a70000 - 0x00007fff02c87000 	C:\Windows\SYSTEM32\ntdll.dll
0x00007fff01700000 - 0x00007fff017c4000 	C:\Windows\System32\KERNEL32.DLL
0x00007fff00050000 - 0x00007fff003f7000 	C:\Windows\System32\KERNELBASE.dll
0x00007ffefff30000 - 0x00007fff00041000 	C:\Windows\System32\ucrtbase.dll
0x00007ffef0030000 - 0x00007ffef004b000 	C:\Program Files\Java\jdk-17\bin\VCRUNTIME140.dll
0x00007ffeef020000 - 0x00007ffeef039000 	C:\Program Files\Java\jdk-17\bin\jli.dll
0x00007fff02540000 - 0x00007fff025f2000 	C:\Windows\System32\ADVAPI32.dll
0x00007fff02600000 - 0x00007fff026a7000 	C:\Windows\System32\msvcrt.dll
0x00007fff02030000 - 0x00007fff020d8000 	C:\Windows\System32\sechost.dll
0x00007ffefff00000 - 0x00007ffefff28000 	C:\Windows\System32\bcrypt.dll
0x00007fff026b0000 - 0x00007fff027c5000 	C:\Windows\System32\RPCRT4.dll
0x00007fff00830000 - 0x00007fff009de000 	C:\Windows\System32\USER32.dll
0x00007fff00680000 - 0x00007fff006a6000 	C:\Windows\System32\win32u.dll
0x00007fff02450000 - 0x00007fff02479000 	C:\Windows\System32\GDI32.dll
0x00007ffeef380000 - 0x00007ffeef613000 	C:\Windows\WinSxS\amd64_microsoft.windows.common-controls_6595b64144ccf1df_6.0.22621.3527_none_270e469b73872a76\COMCTL32.dll
0x00007fff004c0000 - 0x00007fff005d9000 	C:\Windows\System32\gdi32full.dll
0x00007fff005e0000 - 0x00007fff0067a000 	C:\Windows\System32\msvcp_win.dll
0x00007ffef65a0000 - 0x00007ffef65aa000 	C:\Windows\SYSTEM32\VERSION.dll
0x00007fff02490000 - 0x00007fff024c1000 	C:\Windows\System32\IMM32.DLL
0x00007ffefaed0000 - 0x00007ffefaedc000 	C:\Program Files\Java\jdk-17\bin\vcruntime140_1.dll
0x00007ffee8b40000 - 0x00007ffee8bce000 	C:\Program Files\Java\jdk-17\bin\msvcp140.dll
0x00007ffe92c50000 - 0x00007ffe9382f000 	C:\Program Files\Java\jdk-17\bin\server\jvm.dll
0x00007fff02340000 - 0x00007fff02348000 	C:\Windows\System32\PSAPI.DLL
0x00007ffef7b40000 - 0x00007ffef7b74000 	C:\Windows\SYSTEM32\WINMM.dll
0x00007ffefc3e0000 - 0x00007ffefc3e9000 	C:\Windows\SYSTEM32\WSOCK32.dll
0x00007fff02990000 - 0x00007fff02a01000 	C:\Windows\System32\WS2_32.dll
0x00007ffefed10000 - 0x00007ffefed28000 	C:\Windows\SYSTEM32\kernel.appcore.dll
0x00007ffefade0000 - 0x00007ffefadea000 	C:\Program Files\Java\jdk-17\bin\jimage.dll
0x00007ffefd6c0000 - 0x00007ffefd8f2000 	C:\Windows\SYSTEM32\DBGHELP.DLL
0x00007fff01100000 - 0x00007fff01488000 	C:\Windows\System32\combase.dll
0x00007fff01020000 - 0x00007fff010f7000 	C:\Windows\System32\OLEAUT32.dll
0x00007ffef1040000 - 0x00007ffef1072000 	C:\Windows\SYSTEM32\dbgcore.DLL
0x00007fff006b0000 - 0x00007fff00729000 	C:\Windows\System32\bcryptPrimitives.dll
0x00007ffeef010000 - 0x00007ffeef01e000 	C:\Program Files\Java\jdk-17\bin\instrument.dll
0x00007ffeeaa10000 - 0x00007ffeeaa35000 	C:\Program Files\Java\jdk-17\bin\java.dll
0x00007ffe94de0000 - 0x00007ffe94eb7000 	C:\Program Files\Java\jdk-17\bin\jsvml.dll
0x00007fff017d0000 - 0x00007fff0202c000 	C:\Windows\System32\SHELL32.dll
0x00007ffefdc80000 - 0x00007ffefe576000 	C:\Windows\SYSTEM32\windows.storage.dll
0x00007ffefdb40000 - 0x00007ffefdc7e000 	C:\Windows\SYSTEM32\wintypes.dll
0x00007fff02350000 - 0x00007fff02445000 	C:\Windows\System32\SHCORE.dll
0x00007fff01490000 - 0x00007fff014ee000 	C:\Windows\System32\shlwapi.dll
0x00007ffeffcc0000 - 0x00007ffeffce1000 	C:\Windows\SYSTEM32\profapi.dll
0x00007ffeecdf0000 - 0x00007ffeece08000 	C:\Program Files\Java\jdk-17\bin\zip.dll
0x00007ffeeea70000 - 0x00007ffeeea89000 	C:\Program Files\Java\jdk-17\bin\net.dll
0x00007ffefa360000 - 0x00007ffefa496000 	C:\Windows\SYSTEM32\WINHTTP.dll
0x00007ffeff1e0000 - 0x00007ffeff249000 	C:\Windows\system32\mswsock.dll
0x00007ffeed700000 - 0x00007ffeed716000 	C:\Program Files\Java\jdk-17\bin\nio.dll
0x00007ffee93c0000 - 0x00007ffee93da000 	D:\Apps\IntelliJ IDEA Community Edition 2024.1.1\bin\breakgen64.dll
0x00007ffeecda0000 - 0x00007ffeecdae000 	C:\Program Files\Java\jdk-17\bin\sunmscapi.dll
0x00007ffeffd90000 - 0x00007ffeffef8000 	C:\Windows\System32\CRYPT32.dll
0x00007ffeff620000 - 0x00007ffeff64e000 	C:\Windows\SYSTEM32\ncrypt.dll
0x00007ffeff5e0000 - 0x00007ffeff617000 	C:\Windows\SYSTEM32\NTASN1.dll
0x00007ffeff410000 - 0x00007ffeff42b000 	C:\Windows\SYSTEM32\CRYPTSP.dll
0x00007ffefecd0000 - 0x00007ffefed05000 	C:\Windows\system32\rsaenh.dll
0x00007ffeff2a0000 - 0x00007ffeff2c8000 	C:\Windows\SYSTEM32\USERENV.dll
0x00007ffeff400000 - 0x00007ffeff40c000 	C:\Windows\SYSTEM32\CRYPTBASE.dll
0x00007ffefe7e0000 - 0x00007ffefe80d000 	C:\Windows\SYSTEM32\IPHLPAPI.DLL
0x00007fff016f0000 - 0x00007fff016f9000 	C:\Windows\System32\NSI.dll
0x00007ffefa030000 - 0x00007ffefa049000 	C:\Windows\SYSTEM32\dhcpcsvc6.DLL
0x00007ffefa010000 - 0x00007ffefa02f000 	C:\Windows\SYSTEM32\dhcpcsvc.DLL
0x00007ffefe810000 - 0x00007ffefe908000 	C:\Windows\SYSTEM32\DNSAPI.dll
0x00007ffeed1a0000 - 0x00007ffeed1aa000 	C:\Program Files\Java\jdk-17\bin\management.dll
0x00007ffeec740000 - 0x00007ffeec74b000 	C:\Program Files\Java\jdk-17\bin\management_ext.dll
0x00007ffeebd00000 - 0x00007ffeebd10000 	C:\Program Files\Java\jdk-17\bin\verify.dll
0x00007ffef88f0000 - 0x00007ffef88fa000 	C:\Windows\System32\rasadhlp.dll
0x00007ffef8960000 - 0x00007ffef89e3000 	C:\Windows\System32\fwpuclnt.dll
0x00007ffefae10000 - 0x00007ffefae18000 	C:\Windows\system32\wshunix.dll

dbghelp: loaded successfully - version: 4.0.5 - missing functions: none
symbol engine: initialized successfully - sym options: 0x614 - pdb path: .;C:\Program Files\Java\jdk-17\bin;C:\Windows\SYSTEM32;C:\Windows\WinSxS\amd64_microsoft.windows.common-controls_6595b64144ccf1df_6.0.22621.3527_none_270e469b73872a76;C:\Program Files\Java\jdk-17\bin\server;D:\Apps\IntelliJ IDEA Community Edition 2024.1.1\bin

VM Arguments:
jvm_args: -javaagent:D:\Apps\IntelliJ IDEA Community Edition 2024.1.1\lib\idea_rt.jar=61400:D:\Apps\IntelliJ IDEA Community Edition 2024.1.1\bin -Dfile.encoding=UTF-8 
java_command: com.example.registerapp.RegisterAppApplication
java_class_path (initial): D:\FPT U\FU-SU24\SWP391\register-app\register-app\target\classes;C:\Users\tuand\.m2\repository\org\springframework\boot\spring-boot-starter-data-jpa\3.2.5\spring-boot-starter-data-jpa-3.2.5.jar;C:\Users\tuand\.m2\repository\org\springframework\boot\spring-boot-starter-aop\3.2.5\spring-boot-starter-aop-3.2.5.jar;C:\Users\tuand\.m2\repository\org\springframework\spring-aop\6.1.6\spring-aop-6.1.6.jar;C:\Users\tuand\.m2\repository\org\aspectj\aspectjweaver\1.9.22\aspectjweaver-1.9.22.jar;C:\Users\tuand\.m2\repository\org\springframework\boot\spring-boot-starter-jdbc\3.2.5\spring-boot-starter-jdbc-3.2.5.jar;C:\Users\tuand\.m2\repository\com\zaxxer\HikariCP\5.0.1\HikariCP-5.0.1.jar;C:\Users\tuand\.m2\repository\org\springframework\spring-jdbc\6.1.6\spring-jdbc-6.1.6.jar;C:\Users\tuand\.m2\repository\org\hibernate\orm\hibernate-core\6.4.4.Final\hibernate-core-6.4.4.Final.jar;C:\Users\tuand\.m2\repository\jakarta\persistence\jakarta.persistence-api\3.1.0\jakarta.persistence-api-3.1.0.jar;C:\Users\tuand\.m2\repository\jakarta\transaction\jakarta.transaction-api\2.0.1\jakarta.transaction-api-2.0.1.jar;C:\Users\tuand\.m2\repository\org\jboss\logging\jboss-logging\3.5.3.Final\jboss-logging-3.5.3.Final.jar;C:\Users\tuand\.m2\repository\org\hibernate\common\hibernate-commons-annotations\6.0.6.Final\hibernate-commons-annotations-6.0.6.Final.jar;C:\Users\tuand\.m2\repository\io\smallrye\jandex\3.1.2\jandex-3.1.2.jar;C:\Users\tuand\.m2\repository\com\fasterxml\classmate\1.6.0\classmate-1.6.0.jar;C:\Users\tuand\.m2\repository\net\bytebuddy\byte-buddy\1.14.13\byte-buddy-1.14.13.jar;C:\Users\tuand\.m2\repository\org\glassfish\jaxb\jaxb-runtime\4.0.5\jaxb-runtime-4.0.5.jar;C:\Users\tuand\.m2\repository\org\glassfish\jaxb\jaxb-core\4.0.5\jaxb-core-4.0.5.jar;C:\Users\tuand\.m2\repository\org\glassfish\jaxb\txw2\4.0.5\txw2-4.0.5.jar;C:\Users\tuand\.m2\repository\com\sun\istack\istack-commons-runtime\4.1.2\istack-commons-runtime-4.1.2.jar;C:\Users\tuand\.m2\repo
Launcher Type: SUN_STANDARD

[Global flags]
     intx CICompilerCount                          = 4                                         {product} {ergonomic}
     uint ConcGCThreads                            = 3                                         {product} {ergonomic}
     uint G1ConcRefinementThreads                  = 10                                        {product} {ergonomic}
   size_t G1HeapRegionSize                         = 1048576                                   {product} {ergonomic}
    uintx GCDrainStackTargetSize                   = 64                                        {product} {ergonomic}
   size_t InitialHeapSize                          = 121634816                                 {product} {ergonomic}
   size_t MarkStackSize                            = 4194304                                   {product} {ergonomic}
   size_t MaxHeapSize                              = 1931476992                                {product} {ergonomic}
   size_t MaxNewSize                               = 1158676480                                {product} {ergonomic}
   size_t MinHeapDeltaBytes                        = 1048576                                   {product} {ergonomic}
   size_t MinHeapSize                              = 8388608                                   {product} {ergonomic}
    uintx NonNMethodCodeHeapSize                   = 5839372                                {pd product} {ergonomic}
    uintx NonProfiledCodeHeapSize                  = 122909434                              {pd product} {ergonomic}
    uintx ProfiledCodeHeapSize                     = 122909434                              {pd product} {ergonomic}
    uintx ReservedCodeCacheSize                    = 251658240                              {pd product} {ergonomic}
     bool SegmentedCodeCache                       = true                                      {product} {ergonomic}
   size_t SoftMaxHeapSize                          = 1931476992                             {manageable} {ergonomic}
     bool UseCompressedClassPointers               = true                           {product lp64_product} {ergonomic}
     bool UseCompressedOops                        = true                           {product lp64_product} {ergonomic}
     bool UseG1GC                                  = true                                      {product} {ergonomic}
     bool UseLargePagesIndividualAllocation        = false                                  {pd product} {ergonomic}

Logging:
Log output configuration:
 #0: stdout all=warning uptime,level,tags
 #1: stderr all=off uptime,level,tags

Environment Variables:
JAVA_HOME=C:\Program Files\Java\jdk1.8.0_321
PATH=C:\Program Files\Common Files\Oracle\Java\javapath;C:\Program Files\Microsoft MPI\Bin\;C:\Program Files (x86)\Common Files\Oracle\Java\javapath;C:\Windows\system32;C:\Windows;C:\Windows\System32\Wbem;C:\Windows\System32\WindowsPowerShell\v1.0\;C:\Windows\System32\OpenSSH\;C:\Program Files (x86)\NVIDIA Corporation\PhysX\Common;C:\Program Files\NVIDIA Corporation\NVIDIA NvDLISR;C:\Program Files (x86)\Microsoft SQL Server\150\DTS\Binn\;C:\Program Files\Microsoft SQL Server\150\DTS\Binn\;C:\Program Files\Microsoft SQL Server\Client SDK\ODBC\170\Tools\Binn\;C:\Program Files (x86)\Microsoft SQL Server\150\Tools\Binn\;C:\Program Files\Microsoft SQL Server\150\Tools\Binn\;C:\Program Files (x86)\Microsoft SQL Server\160\DTS\Binn\;C:\Program Files\Azure Data Studio\bin;C:\Program Files\Cloudflare\Cloudflare WARP\;C:\Program Files\Docker\Docker\resources\bin;C:\Users\tuand\AppData\Local\Microsoft\WindowsApps;;D:\Microsoft VS Code\bin;C:\Program Files\Azure Data Studio\bin
USERNAME=tuand
OS=Windows_NT
PROCESSOR_IDENTIFIER=AMD64 Family 25 Model 68 Stepping 1, AuthenticAMD



---------------  S Y S T E M  ---------------

OS:
 Windows 11 , 64 bit Build 22621 (10.0.22621.3527)
OS uptime: 5 days 2:06 hours
Hyper-V role detected

CPU: total 12 (initial active 12) (12 cores per cpu, 2 threads per core) family 25 model 68 stepping 1 microcode 0x0, cx8, cmov, fxsr, ht, mmx, 3dnowpref, sse, sse2, sse3, ssse3, sse4a, sse4.1, sse4.2, popcnt, lzcnt, tsc, tscinvbit, avx, avx2, aes, erms, clmul, bmi1, bmi2, adx, sha, fma, vzeroupper, clflush, clflushopt, hv

Memory: 4k page, system-wide physical 7365M (107M free)
TotalPageFile size 22982M (AvailPageFile size 5M)
current process WorkingSet (physical memory assigned to process): 228M, peak: 231M
current process commit charge ("private bytes"): 279M, peak: 283M

vm_info: Java HotSpot(TM) 64-Bit Server VM (17.0.10+11-LTS-240) for windows-amd64 JRE (17.0.10+11-LTS-240), built on Dec 19 2023 21:47:25 by "mach5one" with MS VC++ 17.1 (VS2022)

END.
