#
# There is insufficient memory for the Java Runtime Environment to continue.
# Native memory allocation (malloc) failed to allocate 1167536 bytes for Chunk::new
# Possible reasons:
#   The system is out of physical RAM or swap space
#   The process is running with CompressedOops enabled, and the Java Heap may be blocking the growth of the native heap
# Possible solutions:
#   Reduce memory load on the system
#   Increase physical memory or swap space
#   Check if swap backing store is full
#   Decrease Java heap size (-Xmx/-Xms)
#   Decrease number of Java threads
#   Decrease Java thread stack sizes (-Xss)
#   Set larger code cache with -XX:ReservedCodeCacheSize=
#   JVM is running with Unscaled Compressed Oops mode in which the Java heap is
#     placed in the first 4GB address space. The Java Heap base address is the
#     maximum limit for the native heap growth. Please use -XX:HeapBaseMinAddress
#     to set the Java Heap base and to place the Java Heap above 4GB virtual address.
# This output file may be truncated or incomplete.
#
#  Out of Memory Error (arena.cpp:189), pid=4304, tid=14304
#
# JRE version: Java(TM) SE Runtime Environment (17.0.10+11) (build 17.0.10+11-LTS-240)
# Java VM: Java HotSpot(TM) 64-Bit Server VM (17.0.10+11-LTS-240, mixed mode, sharing, tiered, compressed oops, compressed class ptrs, g1 gc, windows-amd64)
# No core dump will be written. Minidumps are not enabled by default on client versions of Windows
#

---------------  S U M M A R Y ------------

Command Line: -javaagent:D:\Apps\IntelliJ IDEA Community Edition 2024.1.1\lib\idea_rt.jar=61017:D:\Apps\IntelliJ IDEA Community Edition 2024.1.1\bin -Dfile.encoding=UTF-8 com.example.registerapp.RegisterAppApplication

Host: AMD Ryzen 5 7535HS with Radeon Graphics        , 12 cores, 7G,  Windows 11 , 64 bit Build 22621 (10.0.22621.3527)
Time: Mon May 20 17:59:31 2024 SE Asia Standard Time elapsed time: 64.075997 seconds (0d 0h 1m 4s)

---------------  T H R E A D  ---------------

Current thread (0x00000252ff2ee180):  JavaThread "C2 CompilerThread0" daemon [_thread_in_native, id=14304, stack(0x0000008440200000,0x0000008440300000)]


Current CompileTask:
C2:  64076 5680       4       sun.invoke.util.BytecodeDescriptor::unparseSig (49 bytes)

Stack: [0x0000008440200000,0x0000008440300000]
Native frames: (J=compiled Java code, j=interpreted, Vv=VM code, C=native code)
V  [jvm.dll+0x677a5a]
V  [jvm.dll+0x7d8b2d]
V  [jvm.dll+0x7da48e]
V  [jvm.dll+0x7daaf3]
V  [jvm.dll+0x2455ff]
V  [jvm.dll+0xaaafb]
V  [jvm.dll+0xab09c]
V  [jvm.dll+0x361b5f]
V  [jvm.dll+0x32c211]
V  [jvm.dll+0x32b6aa]
V  [jvm.dll+0x21794f]
V  [jvm.dll+0x216d81]
V  [jvm.dll+0x1a3410]
V  [jvm.dll+0x226aeb]
V  [jvm.dll+0x224cab]
V  [jvm.dll+0x78e45c]
V  [jvm.dll+0x78888a]
V  [jvm.dll+0x676935]
C  [ucrtbase.dll+0x29333]
C  [KERNEL32.DLL+0x1257d]
C  [ntdll.dll+0x5aa48]


---------------  P R O C E S S  ---------------

Threads class SMR info:
_java_thread_list=0x00000252dab80c30, length=30, elements={
0x00000252ff2d1860, 0x00000252ff2d25f0, 0x00000252ff2e6080, 0x00000252ff2e7b60,
0x00000252ff2ea440, 0x00000252ff2ead10, 0x00000252ff2ee180, 0x00000252ff2f8bf0,
0x00000252ff325540, 0x00000252ff558890, 0x00000252ff89e5f0, 0x00000252ff89ead0,
0x00000252d8fada90, 0x00000252d8c42830, 0x00000252d8670a10, 0x00000252d84d6d50,
0x00000252d84d7260, 0x00000252d84d8190, 0x00000252d84d7770, 0x00000252d84d7c80,
0x00000252d84d5400, 0x00000252d84d4ef0, 0x00000252d84d5e20, 0x00000252d84d6840,
0x00000252d75fe5a0, 0x00000252d75f9ec0, 0x00000252d75fadf0, 0x00000252d7600910,
0x00000252d7600400, 0x00000252d75fe090
}

Java Threads: ( => current thread )
  0x00000252ff2d1860 JavaThread "Reference Handler" daemon [_thread_blocked, id=17396, stack(0x000000843fc00000,0x000000843fd00000)]
  0x00000252ff2d25f0 JavaThread "Finalizer" daemon [_thread_blocked, id=21332, stack(0x000000843fd00000,0x000000843fe00000)]
  0x00000252ff2e6080 JavaThread "Signal Dispatcher" daemon [_thread_blocked, id=7716, stack(0x000000843fe00000,0x000000843ff00000)]
  0x00000252ff2e7b60 JavaThread "Attach Listener" daemon [_thread_blocked, id=11872, stack(0x000000843ff00000,0x0000008440000000)]
  0x00000252ff2ea440 JavaThread "Service Thread" daemon [_thread_blocked, id=7412, stack(0x0000008440000000,0x0000008440100000)]
  0x00000252ff2ead10 JavaThread "Monitor Deflation Thread" daemon [_thread_blocked, id=2368, stack(0x0000008440100000,0x0000008440200000)]
=>0x00000252ff2ee180 JavaThread "C2 CompilerThread0" daemon [_thread_in_native, id=14304, stack(0x0000008440200000,0x0000008440300000)]
  0x00000252ff2f8bf0 JavaThread "C1 CompilerThread0" daemon [_thread_blocked, id=2528, stack(0x0000008440300000,0x0000008440400000)]
  0x00000252ff325540 JavaThread "Sweeper thread" daemon [_thread_blocked, id=18064, stack(0x0000008440400000,0x0000008440500000)]
  0x00000252ff558890 JavaThread "Common-Cleaner" daemon [_thread_blocked, id=14412, stack(0x0000008440500000,0x0000008440600000)]
  0x00000252ff89e5f0 JavaThread "Monitor Ctrl-Break" daemon [_thread_in_native, id=24204, stack(0x0000008440700000,0x0000008440800000)]
  0x00000252ff89ead0 JavaThread "Notification Thread" daemon [_thread_blocked, id=5536, stack(0x0000008440800000,0x0000008440900000)]
  0x00000252d8fada90 JavaThread "Catalina-utility-1" [_thread_blocked, id=4360, stack(0x0000008441600000,0x0000008441700000)]
  0x00000252d8c42830 JavaThread "Catalina-utility-2" [_thread_blocked, id=1344, stack(0x0000008441700000,0x0000008441800000)]
  0x00000252d8670a10 JavaThread "container-0" [_thread_blocked, id=12024, stack(0x0000008441800000,0x0000008441900000)]
  0x00000252d84d6d50 JavaThread "mysql-cj-abandoned-connection-cleanup" daemon [_thread_blocked, id=15736, stack(0x0000008441900000,0x0000008441a00000)]
  0x00000252d84d7260 JavaThread "HikariPool-1 housekeeper" daemon [_thread_blocked, id=13340, stack(0x0000008441b00000,0x0000008441c00000)]
  0x00000252d84d8190 JavaThread "http-nio-8080-exec-1" daemon [_thread_blocked, id=12340, stack(0x0000008441d00000,0x0000008441e00000)]
  0x00000252d84d7770 JavaThread "http-nio-8080-exec-2" daemon [_thread_blocked, id=3188, stack(0x0000008441e00000,0x0000008441f00000)]
  0x00000252d84d7c80 JavaThread "http-nio-8080-exec-3" daemon [_thread_blocked, id=17564, stack(0x0000008441f00000,0x0000008442000000)]
  0x00000252d84d5400 JavaThread "http-nio-8080-exec-4" daemon [_thread_blocked, id=968, stack(0x0000008442000000,0x0000008442100000)]
  0x00000252d84d4ef0 JavaThread "http-nio-8080-exec-5" daemon [_thread_blocked, id=8024, stack(0x0000008442100000,0x0000008442200000)]
  0x00000252d84d5e20 JavaThread "http-nio-8080-exec-6" daemon [_thread_blocked, id=14292, stack(0x0000008442200000,0x0000008442300000)]
  0x00000252d84d6840 JavaThread "http-nio-8080-exec-7" daemon [_thread_blocked, id=7980, stack(0x0000008442300000,0x0000008442400000)]
  0x00000252d75fe5a0 JavaThread "http-nio-8080-exec-8" daemon [_thread_blocked, id=16680, stack(0x0000008442400000,0x0000008442500000)]
  0x00000252d75f9ec0 JavaThread "http-nio-8080-exec-9" daemon [_thread_blocked, id=8928, stack(0x0000008442500000,0x0000008442600000)]
  0x00000252d75fadf0 JavaThread "http-nio-8080-exec-10" daemon [_thread_blocked, id=23260, stack(0x0000008442600000,0x0000008442700000)]
  0x00000252d7600910 JavaThread "http-nio-8080-Poller" daemon [_thread_in_native, id=16220, stack(0x0000008442700000,0x0000008442800000)]
  0x00000252d7600400 JavaThread "http-nio-8080-Acceptor" daemon [_thread_in_native, id=24104, stack(0x0000008442800000,0x0000008442900000)]
  0x00000252d75fe090 JavaThread "DestroyJavaVM" [_thread_blocked, id=14968, stack(0x000000843f500000,0x000000843f600000)]

Other Threads:
  0x00000252ff2cd950 VMThread "VM Thread" [stack: 0x000000843fb00000,0x000000843fc00000] [id=19656]
  0x00000252f04f8890 WatcherThread [stack: 0x0000008440900000,0x0000008440a00000] [id=2744]
  0x00000252f04e1120 GCTaskThread "GC Thread#0" [stack: 0x000000843f600000,0x000000843f700000] [id=19860]
  0x00000252d632a410 GCTaskThread "GC Thread#1" [stack: 0x0000008440a00000,0x0000008440b00000] [id=10316]
  0x00000252d6863870 GCTaskThread "GC Thread#2" [stack: 0x0000008440b00000,0x0000008440c00000] [id=15260]
  0x00000252d6863b30 GCTaskThread "GC Thread#3" [stack: 0x0000008440c00000,0x0000008440d00000] [id=5104]
  0x00000252d67ae9f0 GCTaskThread "GC Thread#4" [stack: 0x0000008440d00000,0x0000008440e00000] [id=18736]
  0x00000252d682b870 GCTaskThread "GC Thread#5" [stack: 0x0000008440e00000,0x0000008440f00000] [id=9464]
  0x00000252d6ffb560 GCTaskThread "GC Thread#6" [stack: 0x0000008441100000,0x0000008441200000] [id=12888]
  0x00000252d6ffb820 GCTaskThread "GC Thread#7" [stack: 0x0000008441200000,0x0000008441300000] [id=10256]
  0x00000252d6ffbda0 GCTaskThread "GC Thread#8" [stack: 0x0000008441300000,0x0000008441400000] [id=18868]
  0x00000252d6ffbae0 GCTaskThread "GC Thread#9" [stack: 0x0000008441400000,0x0000008441500000] [id=3648]
  0x00000252f04f05c0 ConcurrentGCThread "G1 Main Marker" [stack: 0x000000843f700000,0x000000843f800000] [id=19392]
  0x00000252f04f1ef0 ConcurrentGCThread "G1 Conc#0" [stack: 0x000000843f800000,0x000000843f900000] [id=17928]
  0x00000252d7df7fb0 ConcurrentGCThread "G1 Conc#1" [stack: 0x0000008440f00000,0x0000008441000000] [id=19224]
  0x00000252d7df8270 ConcurrentGCThread "G1 Conc#2" [stack: 0x0000008441500000,0x0000008441600000] [id=8748]
  0x00000252f054de70 ConcurrentGCThread "G1 Refine#0" [stack: 0x000000843f900000,0x000000843fa00000] [id=21964]
  0x00000252f054e7b0 ConcurrentGCThread "G1 Service" [stack: 0x000000843fa00000,0x000000843fb00000] [id=9592]

Threads with active compile tasks:
C2 CompilerThread0    64124 5680       4       sun.invoke.util.BytecodeDescriptor::unparseSig (49 bytes)

VM state: not at safepoint (normal execution)

VM Mutex/Monitor currently owned by a thread: None

Heap address: 0x000000008ce00000, size: 1842 MB, Compressed Oops mode: 32-bit

CDS archive(s) mapped at: [0x0000025291000000-0x0000025291bd0000-0x0000025291bd0000), size 12386304, SharedBaseAddress: 0x0000025291000000, ArchiveRelocationMode: 1.
Compressed class space mapped at: 0x0000025292000000-0x00000252d2000000, reserved size: 1073741824
Narrow klass base: 0x0000025291000000, Narrow klass shift: 0, Narrow klass range: 0x100000000

GC Precious Log:
 CPUs: 12 total, 12 available
 Memory: 7365M
 Large Page Support: Disabled
 NUMA Support: Disabled
 Compressed Oops: Enabled (32-bit)
 Heap Region Size: 1M
 Heap Min Capacity: 8M
 Heap Initial Capacity: 116M
 Heap Max Capacity: 1842M
 Pre-touch: Disabled
 Parallel Workers: 10
 Concurrent Workers: 3
 Concurrent Refinement Workers: 10
 Periodic GC: Disabled

Heap:
 garbage-first heap   total 68608K, used 42342K [0x000000008ce00000, 0x0000000100000000)
  region size 1024K, 21 young (21504K), 4 survivors (4096K)
 Metaspace       used 67273K, committed 67840K, reserved 1114112K
  class space    used 9036K, committed 9344K, reserved 1048576K

Heap Regions: E=young(eden), S=young(survivor), O=old, HS=humongous(starts), HC=humongous(continues), CS=collection set, F=free, OA=open archive, CA=closed archive, TAMS=top-at-mark-start (previous, next)
|   0|0x000000008ce00000, 0x000000008cf00000, 0x000000008cf00000|100%|HS|  |TAMS 0x000000008cf00000, 0x000000008ce00000| Complete 
|   1|0x000000008cf00000, 0x000000008d000000, 0x000000008d000000|100%| O|  |TAMS 0x000000008d000000, 0x000000008cf00000| Untracked 
|   2|0x000000008d000000, 0x000000008d100000, 0x000000008d100000|100%| O|  |TAMS 0x000000008d100000, 0x000000008d000000| Untracked 
|   3|0x000000008d100000, 0x000000008d200000, 0x000000008d200000|100%| O|  |TAMS 0x000000008d200000, 0x000000008d100000| Untracked 
|   4|0x000000008d200000, 0x000000008d300000, 0x000000008d300000|100%| O|  |TAMS 0x000000008d300000, 0x000000008d200000| Untracked 
|   5|0x000000008d300000, 0x000000008d400000, 0x000000008d400000|100%| O|  |TAMS 0x000000008d400000, 0x000000008d300000| Untracked 
|   6|0x000000008d400000, 0x000000008d500000, 0x000000008d500000|100%| O|  |TAMS 0x000000008d500000, 0x000000008d400000| Untracked 
|   7|0x000000008d500000, 0x000000008d600000, 0x000000008d600000|100%| O|  |TAMS 0x000000008d600000, 0x000000008d500000| Untracked 
|   8|0x000000008d600000, 0x000000008d700000, 0x000000008d700000|100%| O|  |TAMS 0x000000008d700000, 0x000000008d600000| Untracked 
|   9|0x000000008d700000, 0x000000008d800000, 0x000000008d800000|100%| O|  |TAMS 0x000000008d800000, 0x000000008d700000| Untracked 
|  10|0x000000008d800000, 0x000000008d900000, 0x000000008d900000|100%| O|  |TAMS 0x000000008d900000, 0x000000008d800000| Untracked 
|  11|0x000000008d900000, 0x000000008da00000, 0x000000008da00000|100%| O|  |TAMS 0x000000008da00000, 0x000000008d900000| Untracked 
|  12|0x000000008da00000, 0x000000008db00000, 0x000000008db00000|100%| O|  |TAMS 0x000000008db00000, 0x000000008da00000| Untracked 
|  13|0x000000008db00000, 0x000000008dc00000, 0x000000008dc00000|100%| O|  |TAMS 0x000000008dc00000, 0x000000008db00000| Untracked 
|  14|0x000000008dc00000, 0x000000008dd00000, 0x000000008dd00000|100%| O|  |TAMS 0x000000008dd00000, 0x000000008dc00000| Untracked 
|  15|0x000000008dd00000, 0x000000008de00000, 0x000000008de00000|100%| O|  |TAMS 0x000000008de00000, 0x000000008dd00000| Untracked 
|  16|0x000000008de00000, 0x000000008de6ee00, 0x000000008df00000| 43%| O|  |TAMS 0x000000008de6ee00, 0x000000008de00000| Untracked 
|  17|0x000000008df00000, 0x000000008e000000, 0x000000008e000000|100%| O|  |TAMS 0x000000008e000000, 0x000000008df00000| Untracked 
|  18|0x000000008e000000, 0x000000008e100000, 0x000000008e100000|100%| O|  |TAMS 0x000000008e100000, 0x000000008e000000| Untracked 
|  19|0x000000008e100000, 0x000000008e200000, 0x000000008e200000|100%| O|  |TAMS 0x000000008e200000, 0x000000008e100000| Untracked 
|  20|0x000000008e200000, 0x000000008e300000, 0x000000008e300000|100%| O|  |TAMS 0x000000008e300000, 0x000000008e200000| Untracked 
|  21|0x000000008e300000, 0x000000008e400000, 0x000000008e400000|100%| O|  |TAMS 0x000000008e31ea00, 0x000000008e300000| Untracked 
|  22|0x000000008e400000, 0x000000008e4f0600, 0x000000008e500000| 93%| O|  |TAMS 0x000000008e400000, 0x000000008e400000| Untracked 
|  23|0x000000008e500000, 0x000000008e500000, 0x000000008e600000|  0%| F|  |TAMS 0x000000008e500000, 0x000000008e500000| Untracked 
|  24|0x000000008e600000, 0x000000008e600000, 0x000000008e700000|  0%| F|  |TAMS 0x000000008e600000, 0x000000008e600000| Untracked 
|  25|0x000000008e700000, 0x000000008e700000, 0x000000008e800000|  0%| F|  |TAMS 0x000000008e700000, 0x000000008e700000| Untracked 
|  26|0x000000008e800000, 0x000000008e800000, 0x000000008e900000|  0%| F|  |TAMS 0x000000008e800000, 0x000000008e800000| Untracked 
|  27|0x000000008e900000, 0x000000008e900000, 0x000000008ea00000|  0%| F|  |TAMS 0x000000008e900000, 0x000000008e900000| Untracked 
|  28|0x000000008ea00000, 0x000000008ea00000, 0x000000008eb00000|  0%| F|  |TAMS 0x000000008ea00000, 0x000000008ea00000| Untracked 
|  29|0x000000008eb00000, 0x000000008eb00000, 0x000000008ec00000|  0%| F|  |TAMS 0x000000008eb00000, 0x000000008eb00000| Untracked 
|  30|0x000000008ec00000, 0x000000008ec00000, 0x000000008ed00000|  0%| F|  |TAMS 0x000000008ec00000, 0x000000008ec00000| Untracked 
|  31|0x000000008ed00000, 0x000000008ed00000, 0x000000008ee00000|  0%| F|  |TAMS 0x000000008ed00000, 0x000000008ed00000| Untracked 
|  32|0x000000008ee00000, 0x000000008eefa4d0, 0x000000008ef00000| 97%| S|CS|TAMS 0x000000008ee00000, 0x000000008ee00000| Complete 
|  33|0x000000008ef00000, 0x000000008f000000, 0x000000008f000000|100%| S|CS|TAMS 0x000000008ef00000, 0x000000008ef00000| Complete 
|  34|0x000000008f000000, 0x000000008f100000, 0x000000008f100000|100%| S|CS|TAMS 0x000000008f000000, 0x000000008f000000| Complete 
|  35|0x000000008f100000, 0x000000008f200000, 0x000000008f200000|100%| S|CS|TAMS 0x000000008f100000, 0x000000008f100000| Complete 
|  36|0x000000008f200000, 0x000000008f200000, 0x000000008f300000|  0%| F|  |TAMS 0x000000008f200000, 0x000000008f200000| Untracked 
|  37|0x000000008f300000, 0x000000008f300000, 0x000000008f400000|  0%| F|  |TAMS 0x000000008f300000, 0x000000008f300000| Untracked 
|  38|0x000000008f400000, 0x000000008f400000, 0x000000008f500000|  0%| F|  |TAMS 0x000000008f400000, 0x000000008f400000| Untracked 
|  39|0x000000008f500000, 0x000000008f500000, 0x000000008f600000|  0%| F|  |TAMS 0x000000008f500000, 0x000000008f500000| Untracked 
|  40|0x000000008f600000, 0x000000008f600000, 0x000000008f700000|  0%| F|  |TAMS 0x000000008f600000, 0x000000008f600000| Untracked 
|  41|0x000000008f700000, 0x000000008f700000, 0x000000008f800000|  0%| F|  |TAMS 0x000000008f700000, 0x000000008f700000| Untracked 
|  42|0x000000008f800000, 0x000000008f800000, 0x000000008f900000|  0%| F|  |TAMS 0x000000008f800000, 0x000000008f800000| Untracked 
|  43|0x000000008f900000, 0x000000008f900000, 0x000000008fa00000|  0%| F|  |TAMS 0x000000008f900000, 0x000000008f900000| Untracked 
|  44|0x000000008fa00000, 0x000000008fa00000, 0x000000008fb00000|  0%| F|  |TAMS 0x000000008fa00000, 0x000000008fa00000| Untracked 
|  45|0x000000008fb00000, 0x000000008fb00000, 0x000000008fc00000|  0%| F|  |TAMS 0x000000008fb00000, 0x000000008fb00000| Untracked 
|  46|0x000000008fc00000, 0x000000008fc00000, 0x000000008fd00000|  0%| F|  |TAMS 0x000000008fc00000, 0x000000008fc00000| Untracked 
|  47|0x000000008fd00000, 0x000000008fd00000, 0x000000008fe00000|  0%| F|  |TAMS 0x000000008fd00000, 0x000000008fd00000| Untracked 
|  48|0x000000008fe00000, 0x000000008fe00000, 0x000000008ff00000|  0%| F|  |TAMS 0x000000008fe00000, 0x000000008fe00000| Untracked 
|  49|0x000000008ff00000, 0x000000008ff00000, 0x0000000090000000|  0%| F|  |TAMS 0x000000008ff00000, 0x000000008ff00000| Untracked 
|  50|0x0000000090000000, 0x00000000900faa40, 0x0000000090100000| 97%| E|  |TAMS 0x0000000090000000, 0x0000000090000000| Complete 
|  51|0x0000000090100000, 0x0000000090200000, 0x0000000090200000|100%| E|CS|TAMS 0x0000000090100000, 0x0000000090100000| Complete 
|  52|0x0000000090200000, 0x0000000090300000, 0x0000000090300000|100%| E|CS|TAMS 0x0000000090200000, 0x0000000090200000| Complete 
|  53|0x0000000090300000, 0x0000000090400000, 0x0000000090400000|100%| E|CS|TAMS 0x0000000090300000, 0x0000000090300000| Complete 
|  54|0x0000000090400000, 0x0000000090500000, 0x0000000090500000|100%| E|CS|TAMS 0x0000000090400000, 0x0000000090400000| Complete 
|  55|0x0000000090500000, 0x0000000090600000, 0x0000000090600000|100%| E|CS|TAMS 0x0000000090500000, 0x0000000090500000| Complete 
|  56|0x0000000090600000, 0x0000000090700000, 0x0000000090700000|100%| E|CS|TAMS 0x0000000090600000, 0x0000000090600000| Complete 
|  57|0x0000000090700000, 0x0000000090800000, 0x0000000090800000|100%| E|  |TAMS 0x0000000090700000, 0x0000000090700000| Complete 
|  58|0x0000000090800000, 0x0000000090900000, 0x0000000090900000|100%| E|CS|TAMS 0x0000000090800000, 0x0000000090800000| Complete 
|  59|0x0000000090900000, 0x0000000090a00000, 0x0000000090a00000|100%| E|CS|TAMS 0x0000000090900000, 0x0000000090900000| Complete 
|  60|0x0000000090a00000, 0x0000000090b00000, 0x0000000090b00000|100%| E|CS|TAMS 0x0000000090a00000, 0x0000000090a00000| Complete 
|  61|0x0000000090b00000, 0x0000000090c00000, 0x0000000090c00000|100%| E|CS|TAMS 0x0000000090b00000, 0x0000000090b00000| Complete 
|  62|0x0000000090c00000, 0x0000000090d00000, 0x0000000090d00000|100%| E|CS|TAMS 0x0000000090c00000, 0x0000000090c00000| Complete 
|  63|0x0000000090d00000, 0x0000000090e00000, 0x0000000090e00000|100%| E|CS|TAMS 0x0000000090d00000, 0x0000000090d00000| Complete 
|  64|0x0000000090e00000, 0x0000000090f00000, 0x0000000090f00000|100%| E|CS|TAMS 0x0000000090e00000, 0x0000000090e00000| Complete 
|  65|0x0000000090f00000, 0x0000000091000000, 0x0000000091000000|100%| E|CS|TAMS 0x0000000090f00000, 0x0000000090f00000| Complete 
| 115|0x0000000094100000, 0x0000000094200000, 0x0000000094200000|100%| E|CS|TAMS 0x0000000094100000, 0x0000000094100000| Complete 

Card table byte_map: [0x00000252fa540000,0x00000252fa8e0000] _byte_map_base: 0x00000252fa0d9000

Marking Bits (Prev, Next): (CMBitMap*) 0x00000252f04e1690, (CMBitMap*) 0x00000252f04e1650
 Prev Bits: [0x00000252fc950000, 0x00000252fe618000)
 Next Bits: [0x00000252fac80000, 0x00000252fc948000)

Polling page: 0x00000252f0200000

Metaspace:

Usage:
  Non-class:     56.87 MB used.
      Class:      8.83 MB used.
       Both:     65.70 MB used.

Virtual space:
  Non-class space:       64.00 MB reserved,      57.12 MB ( 89%) committed,  1 nodes.
      Class space:        1.00 GB reserved,       9.12 MB ( <1%) committed,  1 nodes.
             Both:        1.06 GB reserved,      66.25 MB (  6%) committed. 

Chunk freelists:
   Non-Class:  6.03 MB
       Class:  6.92 MB
        Both:  12.95 MB

MaxMetaspaceSize: unlimited
CompressedClassSpaceSize: 1.00 GB
Initial GC threshold: 21.00 MB
Current GC threshold: 98.06 MB
CDS: on
MetaspaceReclaimPolicy: balanced
 - commit_granule_bytes: 65536.
 - commit_granule_words: 8192.
 - virtual_space_node_default_size: 8388608.
 - enlarge_chunks_in_place: 1.
 - new_chunks_are_fully_committed: 0.
 - uncommit_free_chunks: 1.
 - use_allocation_guard: 0.
 - handle_deallocations: 1.


Internal statistics:

num_allocs_failed_limit: 9.
num_arena_births: 704.
num_arena_deaths: 0.
num_vsnodes_births: 2.
num_vsnodes_deaths: 0.
num_space_committed: 1060.
num_space_uncommitted: 0.
num_chunks_returned_to_freelist: 9.
num_chunks_taken_from_freelist: 2995.
num_chunk_merges: 9.
num_chunk_splits: 2200.
num_chunks_enlarged: 1753.
num_inconsistent_stats: 0.

CodeHeap 'non-profiled nmethods': size=120000Kb used=3634Kb max_used=3634Kb free=116366Kb
 bounds [0x0000025287ad0000, 0x0000025287e60000, 0x000002528f000000]
CodeHeap 'profiled nmethods': size=120000Kb used=9723Kb max_used=10369Kb free=110276Kb
 bounds [0x0000025280000000, 0x0000025280a30000, 0x0000025287530000]
CodeHeap 'non-nmethods': size=5760Kb used=1354Kb max_used=1385Kb free=4405Kb
 bounds [0x0000025287530000, 0x00000252877a0000, 0x0000025287ad0000]
 total_blobs=5572 nmethods=4882 adapters=602
 compilation: enabled
              stopped_count=0, restarted_count=0
 full_count=0

Compilation events (20 events):
Event: 64.049 Thread 0x00000252ff2f8bf0 5690       3       java.lang.invoke.LambdaFormEditor::filterArgumentsForm (74 bytes)
Event: 64.050 Thread 0x00000252ff2f8bf0 nmethod 5690 0x000002528038af10 code [0x000002528038b0e0, 0x000002528038b378]
Event: 64.055 Thread 0x00000252ff2f8bf0 5692       3       sun.util.calendar.Gregorian$Date::setNormalizedYear (7 bytes)
Event: 64.055 Thread 0x00000252ff2f8bf0 nmethod 5692 0x000002528038aa90 code [0x000002528038ac20, 0x000002528038ae58]
Event: 64.057 Thread 0x00000252ff2f8bf0 5693       3       java.util.Properties$LineReader::readLine (584 bytes)
Event: 64.060 Thread 0x00000252ff2f8bf0 nmethod 5693 0x000002528016e390 code [0x000002528016e740, 0x0000025280170fb8]
Event: 64.060 Thread 0x00000252ff2f8bf0 5694       3       java.lang.invoke.LambdaFormEditor::getInCache (165 bytes)
Event: 64.061 Thread 0x00000252ff2f8bf0 nmethod 5694 0x0000025280055690 code [0x0000025280055900, 0x0000025280056878]
Event: 64.061 Thread 0x00000252ff2f8bf0 5695       3       java.util.Hashtable$Enumerator::hasMoreElements (53 bytes)
Event: 64.062 Thread 0x00000252ff2f8bf0 nmethod 5695 0x000002528016de10 code [0x000002528016dfc0, 0x000002528016e298]
Event: 64.062 Thread 0x00000252ff2f8bf0 5697       3       java.lang.Character::valueOf (21 bytes)
Event: 64.062 Thread 0x00000252ff2f8bf0 nmethod 5697 0x000002528016d890 code [0x000002528016da40, 0x000002528016dcd8]
Event: 64.062 Thread 0x00000252ff2f8bf0 5698       3       java.util.Hashtable$Enumerator::nextElement (111 bytes)
Event: 64.062 Thread 0x00000252ff2f8bf0 nmethod 5698 0x000002528016d010 code [0x000002528016d1e0, 0x000002528016d708]
Event: 64.064 Thread 0x00000252ff2f8bf0 5699       3       org.apache.tomcat.util.buf.ByteChunk::equalsIgnoreCase (76 bytes)
Event: 64.064 Thread 0x00000252ff2f8bf0 nmethod 5699 0x0000025280054590 code [0x00000252800547e0, 0x00000252800551f8]
Event: 64.065 Thread 0x00000252ff2f8bf0 5701       3       java.nio.Buffer::rewind (12 bytes)
Event: 64.065 Thread 0x00000252ff2f8bf0 nmethod 5701 0x000002528038a690 code [0x000002528038a820, 0x000002528038a938]
Event: 64.065 Thread 0x00000252ff2f8bf0 5700       3       org.apache.tomcat.util.buf.AbstractChunk::getLength (10 bytes)
Event: 64.065 Thread 0x00000252ff2f8bf0 nmethod 5700 0x0000025280054210 code [0x00000252800543a0, 0x00000252800544b8]

GC Heap History (20 events):
Event: 1.118 GC heap before
{Heap before GC invocations=1 (full 0):
 garbage-first heap   total 118784K, used 34483K [0x000000008ce00000, 0x0000000100000000)
  region size 1024K, 31 young (31744K), 3 survivors (3072K)
 Metaspace       used 13576K, committed 13760K, reserved 1114112K
  class space    used 1630K, committed 1728K, reserved 1048576K
}
Event: 1.124 GC heap after
{Heap after GC invocations=2 (full 0):
 garbage-first heap   total 118784K, used 9430K [0x000000008ce00000, 0x0000000100000000)
  region size 1024K, 3 young (3072K), 3 survivors (3072K)
 Metaspace       used 13576K, committed 13760K, reserved 1114112K
  class space    used 1630K, committed 1728K, reserved 1048576K
}
Event: 2.189 GC heap before
{Heap before GC invocations=2 (full 0):
 garbage-first heap   total 118784K, used 57558K [0x000000008ce00000, 0x0000000100000000)
  region size 1024K, 52 young (53248K), 3 survivors (3072K)
 Metaspace       used 21310K, committed 21504K, reserved 1114112K
  class space    used 2643K, committed 2752K, reserved 1048576K
}
Event: 2.198 GC heap after
{Heap after GC invocations=3 (full 0):
 garbage-first heap   total 118784K, used 13342K [0x000000008ce00000, 0x0000000100000000)
  region size 1024K, 7 young (7168K), 7 survivors (7168K)
 Metaspace       used 21310K, committed 21504K, reserved 1114112K
  class space    used 2643K, committed 2752K, reserved 1048576K
}
Event: 2.802 GC heap before
{Heap before GC invocations=4 (full 0):
 garbage-first heap   total 51200K, used 36894K [0x000000008ce00000, 0x0000000100000000)
  region size 1024K, 30 young (30720K), 7 survivors (7168K)
 Metaspace       used 26223K, committed 26560K, reserved 1114112K
  class space    used 3333K, committed 3520K, reserved 1048576K
}
Event: 2.812 GC heap after
{Heap after GC invocations=5 (full 0):
 garbage-first heap   total 51200K, used 15961K [0x000000008ce00000, 0x0000000100000000)
  region size 1024K, 3 young (3072K), 3 survivors (3072K)
 Metaspace       used 26223K, committed 26560K, reserved 1114112K
  class space    used 3333K, committed 3520K, reserved 1048576K
}
Event: 2.833 GC heap before
{Heap before GC invocations=5 (full 0):
 garbage-first heap   total 51200K, used 15961K [0x000000008ce00000, 0x0000000100000000)
  region size 1024K, 4 young (4096K), 3 survivors (3072K)
 Metaspace       used 26486K, committed 26880K, reserved 1114112K
  class space    used 3355K, committed 3520K, reserved 1048576K
}
Event: 2.838 GC heap after
{Heap after GC invocations=6 (full 0):
 garbage-first heap   total 51200K, used 16448K [0x000000008ce00000, 0x0000000100000000)
  region size 1024K, 1 young (1024K), 1 survivors (1024K)
 Metaspace       used 26486K, committed 26880K, reserved 1114112K
  class space    used 3355K, committed 3520K, reserved 1048576K
}
Event: 3.276 GC heap before
{Heap before GC invocations=6 (full 0):
 garbage-first heap   total 51200K, used 34880K [0x000000008ce00000, 0x0000000100000000)
  region size 1024K, 20 young (20480K), 1 survivors (1024K)
 Metaspace       used 30176K, committed 30656K, reserved 1114112K
  class space    used 3849K, committed 4096K, reserved 1048576K
}
Event: 3.279 GC heap after
{Heap after GC invocations=7 (full 0):
 garbage-first heap   total 87040K, used 17122K [0x000000008ce00000, 0x0000000100000000)
  region size 1024K, 2 young (2048K), 2 survivors (2048K)
 Metaspace       used 30176K, committed 30656K, reserved 1114112K
  class space    used 3849K, committed 4096K, reserved 1048576K
}
Event: 3.692 GC heap before
{Heap before GC invocations=7 (full 0):
 garbage-first heap   total 87040K, used 37602K [0x000000008ce00000, 0x0000000100000000)
  region size 1024K, 23 young (23552K), 2 survivors (2048K)
 Metaspace       used 35563K, committed 35968K, reserved 1114112K
  class space    used 4643K, committed 4864K, reserved 1048576K
}
Event: 3.695 GC heap after
{Heap after GC invocations=8 (full 0):
 garbage-first heap   total 87040K, used 18413K [0x000000008ce00000, 0x0000000100000000)
  region size 1024K, 3 young (3072K), 3 survivors (3072K)
 Metaspace       used 35563K, committed 35968K, reserved 1114112K
  class space    used 4643K, committed 4864K, reserved 1048576K
}
Event: 4.774 GC heap before
{Heap before GC invocations=9 (full 0):
 garbage-first heap   total 68608K, used 56301K [0x000000008ce00000, 0x0000000100000000)
  region size 1024K, 40 young (40960K), 3 survivors (3072K)
 Metaspace       used 49078K, committed 49536K, reserved 1114112K
  class space    used 6451K, committed 6656K, reserved 1048576K
}
Event: 4.777 GC heap after
{Heap after GC invocations=10 (full 0):
 garbage-first heap   total 68608K, used 21243K [0x000000008ce00000, 0x0000000100000000)
  region size 1024K, 5 young (5120K), 5 survivors (5120K)
 Metaspace       used 49078K, committed 49536K, reserved 1114112K
  class space    used 6451K, committed 6656K, reserved 1048576K
}
Event: 5.385 GC heap before
{Heap before GC invocations=10 (full 0):
 garbage-first heap   total 68608K, used 51963K [0x000000008ce00000, 0x0000000100000000)
  region size 1024K, 35 young (35840K), 5 survivors (5120K)
 Metaspace       used 56569K, committed 57024K, reserved 1114112K
  class space    used 7590K, committed 7808K, reserved 1048576K
}
Event: 5.389 GC heap after
{Heap after GC invocations=11 (full 0):
 garbage-first heap   total 68608K, used 23398K [0x000000008ce00000, 0x0000000100000000)
  region size 1024K, 3 young (3072K), 3 survivors (3072K)
 Metaspace       used 56569K, committed 57024K, reserved 1114112K
  class space    used 7590K, committed 7808K, reserved 1048576K
}
Event: 5.762 GC heap before
{Heap before GC invocations=11 (full 0):
 garbage-first heap   total 68608K, used 38758K [0x000000008ce00000, 0x0000000100000000)
  region size 1024K, 19 young (19456K), 3 survivors (3072K)
 Metaspace       used 59763K, committed 60160K, reserved 1114112K
  class space    used 8056K, committed 8256K, reserved 1048576K
}
Event: 5.765 GC heap after
{Heap after GC invocations=12 (full 0):
 garbage-first heap   total 68608K, used 24581K [0x000000008ce00000, 0x0000000100000000)
  region size 1024K, 4 young (4096K), 4 survivors (4096K)
 Metaspace       used 59763K, committed 60160K, reserved 1114112K
  class space    used 8056K, committed 8256K, reserved 1048576K
}
Event: 43.043 GC heap before
{Heap before GC invocations=13 (full 0):
 garbage-first heap   total 68608K, used 52229K [0x000000008ce00000, 0x0000000100000000)
  region size 1024K, 31 young (31744K), 4 survivors (4096K)
 Metaspace       used 63488K, committed 64000K, reserved 1114112K
  class space    used 8593K, committed 8832K, reserved 1048576K
}
Event: 43.049 GC heap after
{Heap after GC invocations=14 (full 0):
 garbage-first heap   total 68608K, used 26982K [0x000000008ce00000, 0x0000000100000000)
  region size 1024K, 4 young (4096K), 4 survivors (4096K)
 Metaspace       used 63488K, committed 64000K, reserved 1114112K
  class space    used 8593K, committed 8832K, reserved 1048576K
}

Deoptimization events (20 events):
Event: 43.942 Thread 0x00000252d84d8190 Uncommon trap: trap_request=0xffffffc6 fr.pc=0x0000025287d83c38 relative=0x0000000000000098
Event: 43.942 Thread 0x00000252d84d8190 Uncommon trap: reason=bimorphic_or_optimized_type_check action=maybe_recompile pc=0x0000025287d83c38 method=sun.security.util.math.intpoly.IntegerPolynomial$MutableElement.setSquare()Lsun/security/util/math/intpoly/IntegerPolynomial$MutableElement; @ 12 c
Event: 43.942 Thread 0x00000252d84d8190 DEOPT PACKING pc=0x0000025287d83c38 sp=0x0000008441dfbdf0
Event: 43.942 Thread 0x00000252d84d8190 DEOPT UNPACKING pc=0x00000252875823a3 sp=0x0000008441dfbd20 mode 2
Event: 43.942 Thread 0x00000252d84d8190 Uncommon trap: trap_request=0xffffffc6 fr.pc=0x0000025287d83c38 relative=0x0000000000000098
Event: 43.942 Thread 0x00000252d84d8190 Uncommon trap: reason=bimorphic_or_optimized_type_check action=maybe_recompile pc=0x0000025287d83c38 method=sun.security.util.math.intpoly.IntegerPolynomial$MutableElement.setSquare()Lsun/security/util/math/intpoly/IntegerPolynomial$MutableElement; @ 12 c
Event: 43.942 Thread 0x00000252d84d8190 DEOPT PACKING pc=0x0000025287d83c38 sp=0x0000008441dfbdf0
Event: 43.942 Thread 0x00000252d84d8190 DEOPT UNPACKING pc=0x00000252875823a3 sp=0x0000008441dfbd20 mode 2
Event: 44.891 Thread 0x00000252d84d8190 Uncommon trap: trap_request=0xffffffe5 fr.pc=0x0000025287aed414 relative=0x0000000000000074
Event: 44.891 Thread 0x00000252d84d8190 Uncommon trap: reason=range_check action=reinterpret pc=0x0000025287aed414 method=java.lang.StringLatin1.charAt([BI)C @ 1 c2
Event: 44.891 Thread 0x00000252d84d8190 DEOPT PACKING pc=0x0000025287aed414 sp=0x0000008441dfc4a0
Event: 44.891 Thread 0x00000252d84d8190 DEOPT UNPACKING pc=0x00000252875823a3 sp=0x0000008441dfc3d8 mode 2
Event: 46.580 Thread 0x00000252d84d8190 Uncommon trap: trap_request=0xffffff45 fr.pc=0x0000025287cdc158 relative=0x0000000000002278
Event: 46.580 Thread 0x00000252d84d8190 Uncommon trap: reason=unstable_if action=reinterpret pc=0x0000025287cdc158 method=org.springframework.transaction.annotation.SpringTransactionAnnotationParser.parseTransactionAnnotation(Ljava/lang/reflect/AnnotatedElement;)Lorg/springframework/transaction
Event: 46.580 Thread 0x00000252d84d8190 DEOPT PACKING pc=0x0000025287cdc158 sp=0x0000008441dfc4f0
Event: 46.580 Thread 0x00000252d84d8190 DEOPT UNPACKING pc=0x00000252875823a3 sp=0x0000008441dfc458 mode 2
Event: 64.043 Thread 0x00000252d84d7c80 Uncommon trap: trap_request=0xffffff45 fr.pc=0x0000025287bb6450 relative=0x00000000000015b0
Event: 64.043 Thread 0x00000252d84d7c80 Uncommon trap: reason=unstable_if action=reinterpret pc=0x0000025287bb6450 method=jdk.internal.jimage.ImageLocation.verifyName(Ljava/lang/String;Ljava/lang/String;IIIIIILjdk/internal/jimage/ImageStrings;)Z @ 2 c2
Event: 64.043 Thread 0x00000252d84d7c80 DEOPT PACKING pc=0x0000025287bb6450 sp=0x0000008441ffca90
Event: 64.043 Thread 0x00000252d84d7c80 DEOPT UNPACKING pc=0x00000252875823a3 sp=0x0000008441ffc988 mode 2

Classes unloaded (0 events):
No events

Classes redefined (0 events):
No events

Internal exceptions (20 events):
Event: 6.071 Thread 0x00000252f048adb0 Implicit null exception at 0x0000025287c1c13a to 0x0000025287c1c328
Event: 6.129 Thread 0x00000252f048adb0 Exception <a 'java/lang/NoSuchMethodError'{0x000000008fa80260}: 'java.lang.Object java.lang.invoke.DirectMethodHandle$Holder.newInvokeSpecial(java.lang.Object, java.lang.Object, int, java.lang.Object, java.lang.Object)'> (0x000000008fa80260) 
thrown [s\open\src\hotspot\share\interpreter\linkResolver.cpp, line 759]
Event: 6.130 Thread 0x00000252f048adb0 Exception <a 'java/lang/NoSuchMethodError'{0x000000008fa8bb30}: 'java.lang.Object java.lang.invoke.DirectMethodHandle$Holder.invokeSpecial(java.lang.Object, java.lang.Object, int, java.lang.Object, int, java.lang.Object)'> (0x000000008fa8bb30) 
thrown [s\open\src\hotspot\share\interpreter\linkResolver.cpp, line 759]
Event: 6.131 Thread 0x00000252f048adb0 Exception <a 'java/lang/NoSuchMethodError'{0x000000008fa93938}: 'java.lang.Object java.lang.invoke.DirectMethodHandle$Holder.newInvokeSpecial(java.lang.Object, java.lang.Object, int, java.lang.Object, int)'> (0x000000008fa93938) 
thrown [s\open\src\hotspot\share\interpreter\linkResolver.cpp, line 759]
Event: 6.131 Thread 0x00000252f048adb0 Exception <a 'java/lang/NoSuchMethodError'{0x000000008fa97a38}: 'java.lang.Object java.lang.invoke.DirectMethodHandle$Holder.invokeSpecial(java.lang.Object, java.lang.Object, java.lang.Object, int, java.lang.Object, int)'> (0x000000008fa97a38) 
thrown [s\open\src\hotspot\share\interpreter\linkResolver.cpp, line 759]
Event: 42.924 Thread 0x00000252d84d7770 Exception <a 'java/lang/NoSuchMethodError'{0x000000008f565630}: 'java.lang.Object java.lang.invoke.DirectMethodHandle$Holder.invokeSpecial(java.lang.Object, java.lang.Object, java.lang.Object, java.lang.Object, java.lang.Object, long)'> (0x000000008f565630) 
thrown [s\open\src\hotspot\share\interpreter\linkResolver.cpp, line 759]
Event: 42.924 Thread 0x00000252d84d7770 Exception <a 'java/lang/NoSuchMethodError'{0x000000008f569070}: 'java.lang.Object java.lang.invoke.Invokers$Holder.linkToTargetMethod(java.lang.Object, java.lang.Object, java.lang.Object, long, java.lang.Object)'> (0x000000008f569070) 
thrown [s\open\src\hotspot\share\interpreter\linkResolver.cpp, line 759]
Event: 43.120 Thread 0x00000252d84d8190 Exception <a 'java/io/FileNotFoundException'{0x0000000090d22d40}> (0x0000000090d22d40) 
thrown [s\open\src\hotspot\share\prims\jni.cpp, line 516]
Event: 43.128 Thread 0x00000252d84d8190 Exception <a 'java/lang/NullPointerException'{0x0000000090db4938}> (0x0000000090db4938) 
thrown [s\open\src\hotspot\share\interpreter\linkResolver.cpp, line 1350]
Event: 43.128 Thread 0x00000252d84d8190 Exception <a 'java/lang/NullPointerException'{0x0000000090db4ee8}> (0x0000000090db4ee8) 
thrown [s\open\src\hotspot\share\interpreter\linkResolver.cpp, line 1350]
Event: 43.128 Thread 0x00000252d84d8190 Exception <a 'java/lang/NullPointerException'{0x0000000090db5498}> (0x0000000090db5498) 
thrown [s\open\src\hotspot\share\interpreter\linkResolver.cpp, line 1350]
Event: 43.133 Thread 0x00000252d84d8190 Exception <a 'java/lang/NullPointerException'{0x0000000090de4680}> (0x0000000090de4680) 
thrown [s\open\src\hotspot\share\interpreter\linkResolver.cpp, line 1350]
Event: 43.133 Thread 0x00000252d84d8190 Exception <a 'java/lang/NullPointerException'{0x0000000090de4c30}> (0x0000000090de4c30) 
thrown [s\open\src\hotspot\share\interpreter\linkResolver.cpp, line 1350]
Event: 43.133 Thread 0x00000252d84d8190 Exception <a 'java/lang/NullPointerException'{0x0000000090de51e0}> (0x0000000090de51e0) 
thrown [s\open\src\hotspot\share\interpreter\linkResolver.cpp, line 1350]
Event: 43.133 Thread 0x00000252d84d8190 Exception <a 'java/io/FileNotFoundException'{0x0000000090df2710}> (0x0000000090df2710) 
thrown [s\open\src\hotspot\share\prims\jni.cpp, line 516]
Event: 43.152 Thread 0x00000252d84d8190 Implicit null exception at 0x0000025287de8272 to 0x0000025287de8878
Event: 43.756 Thread 0x00000252d84d8190 Implicit null exception at 0x0000025287d8c772 to 0x0000025287d8cd98
Event: 44.886 Thread 0x00000252d84d8190 Exception <a 'java/io/FileNotFoundException'{0x00000000905f5fe0}> (0x00000000905f5fe0) 
thrown [s\open\src\hotspot\share\prims\jni.cpp, line 516]
Event: 44.887 Thread 0x00000252d84d8190 Exception <a 'java/io/FileNotFoundException'{0x00000000905fd3c0}> (0x00000000905fd3c0) 
thrown [s\open\src\hotspot\share\prims\jni.cpp, line 516]
Event: 46.627 Thread 0x00000252d84d8190 Exception <a 'java/lang/NoSuchMethodError'{0x0000000090202308}: 'int java.lang.invoke.DirectMethodHandle$Holder.invokeStatic(java.lang.Object, java.lang.Object, int, int)'> (0x0000000090202308) 
thrown [s\open\src\hotspot\share\interpreter\linkResolver.cpp, line 759]

VM Operations (20 events):
Event: 43.905 Executing VM operation: HandshakeAllThreads
Event: 43.905 Executing VM operation: HandshakeAllThreads done
Event: 44.906 Executing VM operation: Cleanup
Event: 44.906 Executing VM operation: Cleanup done
Event: 46.601 Executing VM operation: HandshakeAllThreads
Event: 46.601 Executing VM operation: HandshakeAllThreads done
Event: 46.601 Executing VM operation: Cleanup
Event: 46.601 Executing VM operation: Cleanup done
Event: 46.709 Executing VM operation: HandshakeAllThreads
Event: 46.709 Executing VM operation: HandshakeAllThreads done
Event: 47.717 Executing VM operation: Cleanup
Event: 47.717 Executing VM operation: Cleanup done
Event: 53.775 Executing VM operation: Cleanup
Event: 53.775 Executing VM operation: Cleanup done
Event: 60.098 Executing VM operation: HandshakeAllThreads
Event: 60.098 Executing VM operation: HandshakeAllThreads done
Event: 64.049 Executing VM operation: HandshakeAllThreads
Event: 64.049 Executing VM operation: HandshakeAllThreads done
Event: 64.049 Executing VM operation: Cleanup
Event: 64.049 Executing VM operation: Cleanup done

Events (20 events):
Event: 46.574 loading class sun/security/ssl/Alert$AlertConsumer
Event: 46.575 loading class sun/security/ssl/Alert$AlertConsumer done
Event: 46.575 loading class sun/security/ssl/Alert$Level
Event: 46.575 loading class sun/security/ssl/Alert$Level done
Event: 46.613 loading class jdk/internal/reflect/UnsafeBooleanFieldAccessorImpl
Event: 46.613 loading class jdk/internal/reflect/UnsafeBooleanFieldAccessorImpl done
Event: 46.718 loading class java/util/stream/LongStream
Event: 46.718 loading class java/util/stream/LongStream done
Event: 46.718 loading class java/util/stream/DoubleStream
Event: 46.719 loading class java/util/stream/DoubleStream done
Event: 64.006 loading class java/util/stream/ReferencePipeline$4
Event: 64.007 loading class java/util/stream/ReferencePipeline$4 done
Event: 64.007 loading class java/util/function/IntBinaryOperator
Event: 64.007 loading class java/util/function/IntBinaryOperator done
Event: 64.008 loading class java/util/stream/ReduceOps$7
Event: 64.008 loading class java/util/stream/ReduceOps$7 done
Event: 64.008 loading class java/util/stream/ReduceOps$6ReducingSink
Event: 64.008 loading class java/util/stream/ReduceOps$6ReducingSink done
Event: 64.008 loading class java/util/stream/ReferencePipeline$4$1
Event: 64.008 loading class java/util/stream/ReferencePipeline$4$1 done


Dynamic libraries:
0x00007ff672bc0000 - 0x00007ff672bd0000 	C:\Program Files\Java\jdk-17\bin\java.exe
0x00007fff02a70000 - 0x00007fff02c87000 	C:\Windows\SYSTEM32\ntdll.dll
0x00007fff01700000 - 0x00007fff017c4000 	C:\Windows\System32\KERNEL32.DLL
0x00007fff00050000 - 0x00007fff003f7000 	C:\Windows\System32\KERNELBASE.dll
0x00007ffefff30000 - 0x00007fff00041000 	C:\Windows\System32\ucrtbase.dll
0x00007ffef0030000 - 0x00007ffef004b000 	C:\Program Files\Java\jdk-17\bin\VCRUNTIME140.dll
0x00007ffeef020000 - 0x00007ffeef039000 	C:\Program Files\Java\jdk-17\bin\jli.dll
0x00007fff02540000 - 0x00007fff025f2000 	C:\Windows\System32\ADVAPI32.dll
0x00007fff02600000 - 0x00007fff026a7000 	C:\Windows\System32\msvcrt.dll
0x00007fff02030000 - 0x00007fff020d8000 	C:\Windows\System32\sechost.dll
0x00007ffefff00000 - 0x00007ffefff28000 	C:\Windows\System32\bcrypt.dll
0x00007fff026b0000 - 0x00007fff027c5000 	C:\Windows\System32\RPCRT4.dll
0x00007fff00830000 - 0x00007fff009de000 	C:\Windows\System32\USER32.dll
0x00007fff00680000 - 0x00007fff006a6000 	C:\Windows\System32\win32u.dll
0x00007ffeef380000 - 0x00007ffeef613000 	C:\Windows\WinSxS\amd64_microsoft.windows.common-controls_6595b64144ccf1df_6.0.22621.3527_none_270e469b73872a76\COMCTL32.dll
0x00007fff02450000 - 0x00007fff02479000 	C:\Windows\System32\GDI32.dll
0x00007fff004c0000 - 0x00007fff005d9000 	C:\Windows\System32\gdi32full.dll
0x00007fff005e0000 - 0x00007fff0067a000 	C:\Windows\System32\msvcp_win.dll
0x00007ffef65a0000 - 0x00007ffef65aa000 	C:\Windows\SYSTEM32\VERSION.dll
0x00007fff02490000 - 0x00007fff024c1000 	C:\Windows\System32\IMM32.DLL
0x00007ffefaed0000 - 0x00007ffefaedc000 	C:\Program Files\Java\jdk-17\bin\vcruntime140_1.dll
0x00007ffee8b40000 - 0x00007ffee8bce000 	C:\Program Files\Java\jdk-17\bin\msvcp140.dll
0x00007ffe92c50000 - 0x00007ffe9382f000 	C:\Program Files\Java\jdk-17\bin\server\jvm.dll
0x00007fff02340000 - 0x00007fff02348000 	C:\Windows\System32\PSAPI.DLL
0x00007ffef7b40000 - 0x00007ffef7b74000 	C:\Windows\SYSTEM32\WINMM.dll
0x00007ffefc3e0000 - 0x00007ffefc3e9000 	C:\Windows\SYSTEM32\WSOCK32.dll
0x00007fff02990000 - 0x00007fff02a01000 	C:\Windows\System32\WS2_32.dll
0x00007ffefed10000 - 0x00007ffefed28000 	C:\Windows\SYSTEM32\kernel.appcore.dll
0x00007ffefade0000 - 0x00007ffefadea000 	C:\Program Files\Java\jdk-17\bin\jimage.dll
0x00007ffefd6c0000 - 0x00007ffefd8f2000 	C:\Windows\SYSTEM32\DBGHELP.DLL
0x00007fff01100000 - 0x00007fff01488000 	C:\Windows\System32\combase.dll
0x00007fff01020000 - 0x00007fff010f7000 	C:\Windows\System32\OLEAUT32.dll
0x00007ffef1040000 - 0x00007ffef1072000 	C:\Windows\SYSTEM32\dbgcore.DLL
0x00007fff006b0000 - 0x00007fff00729000 	C:\Windows\System32\bcryptPrimitives.dll
0x00007ffefadb0000 - 0x00007ffefadbe000 	C:\Program Files\Java\jdk-17\bin\instrument.dll
0x00007ffeeaa10000 - 0x00007ffeeaa35000 	C:\Program Files\Java\jdk-17\bin\java.dll
0x00007ffe94de0000 - 0x00007ffe94eb7000 	C:\Program Files\Java\jdk-17\bin\jsvml.dll
0x00007fff017d0000 - 0x00007fff0202c000 	C:\Windows\System32\SHELL32.dll
0x00007ffefdc80000 - 0x00007ffefe576000 	C:\Windows\SYSTEM32\windows.storage.dll
0x00007ffefdb40000 - 0x00007ffefdc7e000 	C:\Windows\SYSTEM32\wintypes.dll
0x00007fff02350000 - 0x00007fff02445000 	C:\Windows\System32\SHCORE.dll
0x00007fff01490000 - 0x00007fff014ee000 	C:\Windows\System32\shlwapi.dll
0x00007ffeffcc0000 - 0x00007ffeffce1000 	C:\Windows\SYSTEM32\profapi.dll
0x00007ffeecdf0000 - 0x00007ffeece08000 	C:\Program Files\Java\jdk-17\bin\zip.dll
0x00007ffeeea70000 - 0x00007ffeeea89000 	C:\Program Files\Java\jdk-17\bin\net.dll
0x00007ffefa360000 - 0x00007ffefa496000 	C:\Windows\SYSTEM32\WINHTTP.dll
0x00007ffeff1e0000 - 0x00007ffeff249000 	C:\Windows\system32\mswsock.dll
0x00007ffeed700000 - 0x00007ffeed716000 	C:\Program Files\Java\jdk-17\bin\nio.dll
0x00007ffeec730000 - 0x00007ffeec74a000 	D:\Apps\IntelliJ IDEA Community Edition 2024.1.1\bin\breakgen64.dll
0x00007ffeecda0000 - 0x00007ffeecdae000 	C:\Program Files\Java\jdk-17\bin\sunmscapi.dll
0x00007ffeffd90000 - 0x00007ffeffef8000 	C:\Windows\System32\CRYPT32.dll
0x00007ffeff620000 - 0x00007ffeff64e000 	C:\Windows\SYSTEM32\ncrypt.dll
0x00007ffeff5e0000 - 0x00007ffeff617000 	C:\Windows\SYSTEM32\NTASN1.dll
0x00007ffeff410000 - 0x00007ffeff42b000 	C:\Windows\SYSTEM32\CRYPTSP.dll
0x00007ffefecd0000 - 0x00007ffefed05000 	C:\Windows\system32\rsaenh.dll
0x00007ffeff2a0000 - 0x00007ffeff2c8000 	C:\Windows\SYSTEM32\USERENV.dll
0x00007ffeff400000 - 0x00007ffeff40c000 	C:\Windows\SYSTEM32\CRYPTBASE.dll
0x00007ffefe7e0000 - 0x00007ffefe80d000 	C:\Windows\SYSTEM32\IPHLPAPI.DLL
0x00007fff016f0000 - 0x00007fff016f9000 	C:\Windows\System32\NSI.dll
0x00007ffefa030000 - 0x00007ffefa049000 	C:\Windows\SYSTEM32\dhcpcsvc6.DLL
0x00007ffefa010000 - 0x00007ffefa02f000 	C:\Windows\SYSTEM32\dhcpcsvc.DLL
0x00007ffefe810000 - 0x00007ffefe908000 	C:\Windows\SYSTEM32\DNSAPI.dll
0x00007ffeef010000 - 0x00007ffeef01a000 	C:\Program Files\Java\jdk-17\bin\management.dll
0x00007ffeed1a0000 - 0x00007ffeed1ab000 	C:\Program Files\Java\jdk-17\bin\management_ext.dll
0x00007ffeebd00000 - 0x00007ffeebd10000 	C:\Program Files\Java\jdk-17\bin\verify.dll
0x00007ffef88f0000 - 0x00007ffef88fa000 	C:\Windows\System32\rasadhlp.dll
0x00007ffef8960000 - 0x00007ffef89e3000 	C:\Windows\System32\fwpuclnt.dll
0x00007ffefae10000 - 0x00007ffefae18000 	C:\Windows\system32\wshunix.dll
0x00007ffed2610000 - 0x00007ffed2627000 	C:\Windows\system32\napinsp.dll
0x00007ffed2500000 - 0x00007ffed251b000 	C:\Windows\system32\pnrpnsp.dll
0x00007ffec5eb0000 - 0x00007ffec5ec1000 	C:\Windows\System32\winrnr.dll
0x00007ffec8f00000 - 0x00007ffec8f15000 	C:\Windows\system32\wshbth.dll
0x00007ffec2cc0000 - 0x00007ffec2ce7000 	C:\Windows\system32\nlansp_c.dll

dbghelp: loaded successfully - version: 4.0.5 - missing functions: none
symbol engine: initialized successfully - sym options: 0x614 - pdb path: .;C:\Program Files\Java\jdk-17\bin;C:\Windows\SYSTEM32;C:\Windows\WinSxS\amd64_microsoft.windows.common-controls_6595b64144ccf1df_6.0.22621.3527_none_270e469b73872a76;C:\Program Files\Java\jdk-17\bin\server;D:\Apps\IntelliJ IDEA Community Edition 2024.1.1\bin

VM Arguments:
jvm_args: -javaagent:D:\Apps\IntelliJ IDEA Community Edition 2024.1.1\lib\idea_rt.jar=61017:D:\Apps\IntelliJ IDEA Community Edition 2024.1.1\bin -Dfile.encoding=UTF-8 
java_command: com.example.registerapp.RegisterAppApplication
java_class_path (initial): D:\FPT U\FU-SU24\SWP391\register-app\register-app\target\classes;C:\Users\tuand\.m2\repository\org\springframework\boot\spring-boot-starter-data-jpa\3.2.5\spring-boot-starter-data-jpa-3.2.5.jar;C:\Users\tuand\.m2\repository\org\springframework\boot\spring-boot-starter-aop\3.2.5\spring-boot-starter-aop-3.2.5.jar;C:\Users\tuand\.m2\repository\org\springframework\spring-aop\6.1.6\spring-aop-6.1.6.jar;C:\Users\tuand\.m2\repository\org\aspectj\aspectjweaver\1.9.22\aspectjweaver-1.9.22.jar;C:\Users\tuand\.m2\repository\org\springframework\boot\spring-boot-starter-jdbc\3.2.5\spring-boot-starter-jdbc-3.2.5.jar;C:\Users\tuand\.m2\repository\com\zaxxer\HikariCP\5.0.1\HikariCP-5.0.1.jar;C:\Users\tuand\.m2\repository\org\springframework\spring-jdbc\6.1.6\spring-jdbc-6.1.6.jar;C:\Users\tuand\.m2\repository\org\hibernate\orm\hibernate-core\6.4.4.Final\hibernate-core-6.4.4.Final.jar;C:\Users\tuand\.m2\repository\jakarta\persistence\jakarta.persistence-api\3.1.0\jakarta.persistence-api-3.1.0.jar;C:\Users\tuand\.m2\repository\jakarta\transaction\jakarta.transaction-api\2.0.1\jakarta.transaction-api-2.0.1.jar;C:\Users\tuand\.m2\repository\org\jboss\logging\jboss-logging\3.5.3.Final\jboss-logging-3.5.3.Final.jar;C:\Users\tuand\.m2\repository\org\hibernate\common\hibernate-commons-annotations\6.0.6.Final\hibernate-commons-annotations-6.0.6.Final.jar;C:\Users\tuand\.m2\repository\io\smallrye\jandex\3.1.2\jandex-3.1.2.jar;C:\Users\tuand\.m2\repository\com\fasterxml\classmate\1.6.0\classmate-1.6.0.jar;C:\Users\tuand\.m2\repository\net\bytebuddy\byte-buddy\1.14.13\byte-buddy-1.14.13.jar;C:\Users\tuand\.m2\repository\org\glassfish\jaxb\jaxb-runtime\4.0.5\jaxb-runtime-4.0.5.jar;C:\Users\tuand\.m2\repository\org\glassfish\jaxb\jaxb-core\4.0.5\jaxb-core-4.0.5.jar;C:\Users\tuand\.m2\repository\org\glassfish\jaxb\txw2\4.0.5\txw2-4.0.5.jar;C:\Users\tuand\.m2\repository\com\sun\istack\istack-commons-runtime\4.1.2\istack-commons-runtime-4.1.2.jar;C:\Users\tuand\.m2\repo
Launcher Type: SUN_STANDARD

[Global flags]
     intx CICompilerCount                          = 4                                         {product} {ergonomic}
     uint ConcGCThreads                            = 3                                         {product} {ergonomic}
     uint G1ConcRefinementThreads                  = 10                                        {product} {ergonomic}
   size_t G1HeapRegionSize                         = 1048576                                   {product} {ergonomic}
    uintx GCDrainStackTargetSize                   = 64                                        {product} {ergonomic}
   size_t InitialHeapSize                          = 121634816                                 {product} {ergonomic}
   size_t MarkStackSize                            = 4194304                                   {product} {ergonomic}
   size_t MaxHeapSize                              = 1931476992                                {product} {ergonomic}
   size_t MaxNewSize                               = 1158676480                                {product} {ergonomic}
   size_t MinHeapDeltaBytes                        = 1048576                                   {product} {ergonomic}
   size_t MinHeapSize                              = 8388608                                   {product} {ergonomic}
    uintx NonNMethodCodeHeapSize                   = 5839372                                {pd product} {ergonomic}
    uintx NonProfiledCodeHeapSize                  = 122909434                              {pd product} {ergonomic}
    uintx ProfiledCodeHeapSize                     = 122909434                              {pd product} {ergonomic}
    uintx ReservedCodeCacheSize                    = 251658240                              {pd product} {ergonomic}
     bool SegmentedCodeCache                       = true                                      {product} {ergonomic}
   size_t SoftMaxHeapSize                          = 1931476992                             {manageable} {ergonomic}
     bool UseCompressedClassPointers               = true                           {product lp64_product} {ergonomic}
     bool UseCompressedOops                        = true                           {product lp64_product} {ergonomic}
     bool UseG1GC                                  = true                                      {product} {ergonomic}
     bool UseLargePagesIndividualAllocation        = false                                  {pd product} {ergonomic}

Logging:
Log output configuration:
 #0: stdout all=warning uptime,level,tags
 #1: stderr all=off uptime,level,tags

Environment Variables:
JAVA_HOME=C:\Program Files\Java\jdk1.8.0_321
PATH=C:\Program Files\Common Files\Oracle\Java\javapath;C:\Program Files\Microsoft MPI\Bin\;C:\Program Files (x86)\Common Files\Oracle\Java\javapath;C:\Windows\system32;C:\Windows;C:\Windows\System32\Wbem;C:\Windows\System32\WindowsPowerShell\v1.0\;C:\Windows\System32\OpenSSH\;C:\Program Files (x86)\NVIDIA Corporation\PhysX\Common;C:\Program Files\NVIDIA Corporation\NVIDIA NvDLISR;C:\Program Files (x86)\Microsoft SQL Server\150\DTS\Binn\;C:\Program Files\Microsoft SQL Server\150\DTS\Binn\;C:\Program Files\Microsoft SQL Server\Client SDK\ODBC\170\Tools\Binn\;C:\Program Files (x86)\Microsoft SQL Server\150\Tools\Binn\;C:\Program Files\Microsoft SQL Server\150\Tools\Binn\;C:\Program Files (x86)\Microsoft SQL Server\160\DTS\Binn\;C:\Program Files\Azure Data Studio\bin;C:\Program Files\Cloudflare\Cloudflare WARP\;C:\Program Files\Docker\Docker\resources\bin;C:\Users\tuand\AppData\Local\Microsoft\WindowsApps;;D:\Microsoft VS Code\bin;C:\Program Files\Azure Data Studio\bin
USERNAME=tuand
OS=Windows_NT
PROCESSOR_IDENTIFIER=AMD64 Family 25 Model 68 Stepping 1, AuthenticAMD



---------------  S Y S T E M  ---------------

OS:
 Windows 11 , 64 bit Build 22621 (10.0.22621.3527)
OS uptime: 5 days 2:04 hours
Hyper-V role detected

CPU: total 12 (initial active 12) (12 cores per cpu, 2 threads per core) family 25 model 68 stepping 1 microcode 0x0, cx8, cmov, fxsr, ht, mmx, 3dnowpref, sse, sse2, sse3, ssse3, sse4a, sse4.1, sse4.2, popcnt, lzcnt, tsc, tscinvbit, avx, avx2, aes, erms, clmul, bmi1, bmi2, adx, sha, fma, vzeroupper, clflush, clflushopt, hv

Memory: 4k page, system-wide physical 7365M (500M free)
TotalPageFile size 22982M (AvailPageFile size 77M)
current process WorkingSet (physical memory assigned to process): 142M, peak: 268M
current process commit charge ("private bytes"): 272M, peak: 310M

vm_info: Java HotSpot(TM) 64-Bit Server VM (17.0.10+11-LTS-240) for windows-amd64 JRE (17.0.10+11-LTS-240), built on Dec 19 2023 21:47:25 by "mach5one" with MS VC++ 17.1 (VS2022)

END.
